C:\Users\josh-\Development\Visual Studio 2017\Projects\DataCards\DataCards\dist\out-tsc\src\app\app.component.js
C:\Users\josh-\Development\Visual Studio 2017\Projects\DataCards\DataCards\dist\out-tsc\src\app\app.component.js.map
C:\Users\josh-\Development\Visual Studio 2017\Projects\DataCards\DataCards\dist\out-tsc\src\app\data-service\data-service.component.js
C:\Users\josh-\Development\Visual Studio 2017\Projects\DataCards\DataCards\dist\out-tsc\src\app\data-service\data-service.component.js.map
C:\Users\josh-\Development\Visual Studio 2017\Projects\DataCards\DataCards\dist\out-tsc\src\app\app.module.js
C:\Users\josh-\Development\Visual Studio 2017\Projects\DataCards\DataCards\dist\out-tsc\src\app\app.module.js.map
C:\Users\josh-\Development\Visual Studio 2017\Projects\DataCards\DataCards\dist\out-tsc\src\environments\environment.js
C:\Users\josh-\Development\Visual Studio 2017\Projects\DataCards\DataCards\dist\out-tsc\src\environments\environment.js.map
C:\Users\josh-\Development\Visual Studio 2017\Projects\DataCards\DataCards\dist\out-tsc\src\main.js
C:\Users\josh-\Development\Visual Studio 2017\Projects\DataCards\DataCards\dist\out-tsc\src\main.js.map
C:\Users\josh-\Development\Visual Studio 2017\Projects\DataCards\DataCards\dist\out-tsc\src\polyfills.js
C:\Users\josh-\Development\Visual Studio 2017\Projects\DataCards\DataCards\dist\out-tsc\src\polyfills.js.map
C:\Users\josh-\Development\Visual Studio 2017\Projects\DataCards\DataCards\dist\out-tsc\src\test.js
C:\Users\josh-\Development\Visual Studio 2017\Projects\DataCards\DataCards\dist\out-tsc\src\test.js.map
C:\Users\josh-\Development\Visual Studio 2017\Projects\DataCards\DataCards\dist\out-tsc\src\environments\environment.prod.js
C:\Users\josh-\Development\Visual Studio 2017\Projects\DataCards\DataCards\dist\out-tsc\src\environments\environment.prod.js.map
C:\Users\josh-\Development\Visual Studio 2017\Projects\DataCards\DataCards\dist\out-tsc\src\app\app.component.spec.js
C:\Users\josh-\Development\Visual Studio 2017\Projects\DataCards\DataCards\dist\out-tsc\src\app\app.component.spec.js.map
C:\Users\josh-\Development\Visual Studio 2017\Projects\DataCards\DataCards\dist\out-tsc\src\app\data-service\data-service.component.spec.js
C:\Users\josh-\Development\Visual Studio 2017\Projects\DataCards\DataCards\dist\out-tsc\src\app\data-service\data-service.component.spec.js.map
C:\Users\josh-\Development\Visual Studio 2017\Projects\DataCards\DataCards\dist\out-tsc\e2e\app.po.js
C:\Users\josh-\Development\Visual Studio 2017\Projects\DataCards\DataCards\dist\out-tsc\e2e\app.po.js.map
C:\Users\josh-\Development\Visual Studio 2017\Projects\DataCards\DataCards\dist\out-tsc\e2e\app.e2e-spec.js
C:\Users\josh-\Development\Visual Studio 2017\Projects\DataCards\DataCards\dist\out-tsc\e2e\app.e2e-spec.js.map
C:\Users\josh-\Development\Visual Studio 2017\Projects\DataCards\DataCards\dist\out-tsc\src\app\app.component.js
C:\Users\josh-\Development\Visual Studio 2017\Projects\DataCards\DataCards\dist\out-tsc\src\app\app.component.js.map
C:\Users\josh-\Development\Visual Studio 2017\Projects\DataCards\DataCards\dist\out-tsc\src\app\data-service\data-service.component.js
C:\Users\josh-\Development\Visual Studio 2017\Projects\DataCards\DataCards\dist\out-tsc\src\app\data-service\data-service.component.js.map
C:\Users\josh-\Development\Visual Studio 2017\Projects\DataCards\DataCards\dist\out-tsc\src\app\app.module.js
C:\Users\josh-\Development\Visual Studio 2017\Projects\DataCards\DataCards\dist\out-tsc\src\app\app.module.js.map
C:\Users\josh-\Development\Visual Studio 2017\Projects\DataCards\DataCards\dist\out-tsc\src\environments\environment.js
C:\Users\josh-\Development\Visual Studio 2017\Projects\DataCards\DataCards\dist\out-tsc\src\environments\environment.js.map
C:\Users\josh-\Development\Visual Studio 2017\Projects\DataCards\DataCards\dist\out-tsc\src\main.js
C:\Users\josh-\Development\Visual Studio 2017\Projects\DataCards\DataCards\dist\out-tsc\src\main.js.map
C:\Users\josh-\Development\Visual Studio 2017\Projects\DataCards\DataCards\dist\out-tsc\src\polyfills.js
C:\Users\josh-\Development\Visual Studio 2017\Projects\DataCards\DataCards\dist\out-tsc\src\polyfills.js.map
C:\Users\josh-\Development\Visual Studio 2017\Projects\DataCards\DataCards\dist\out-tsc\src\test.js
C:\Users\josh-\Development\Visual Studio 2017\Projects\DataCards\DataCards\dist\out-tsc\src\test.js.map
C:\Users\josh-\Development\Visual Studio 2017\Projects\DataCards\DataCards\dist\out-tsc\src\environments\environment.prod.js
C:\Users\josh-\Development\Visual Studio 2017\Projects\DataCards\DataCards\dist\out-tsc\src\environments\environment.prod.js.map
C:\Users\josh-\Development\Visual Studio 2017\Projects\DataCards\DataCards\dist\out-tsc\src\app\app.component.spec.js
C:\Users\josh-\Development\Visual Studio 2017\Projects\DataCards\DataCards\dist\out-tsc\src\app\app.component.spec.js.map
C:\Users\josh-\Development\Visual Studio 2017\Projects\DataCards\DataCards\dist\out-tsc\src\app\data-service\data-service.component.spec.js
C:\Users\josh-\Development\Visual Studio 2017\Projects\DataCards\DataCards\dist\out-tsc\src\app\data-service\data-service.component.spec.js.map
C:\Users\josh-\Development\Visual Studio 2017\Projects\DataCards\DataCards\dist\out-tsc\e2e\app.po.js
C:\Users\josh-\Development\Visual Studio 2017\Projects\DataCards\DataCards\dist\out-tsc\e2e\app.po.js.map
C:\Users\josh-\Development\Visual Studio 2017\Projects\DataCards\DataCards\dist\out-tsc\e2e\app.e2e-spec.js
C:\Users\josh-\Development\Visual Studio 2017\Projects\DataCards\DataCards\dist\out-tsc\e2e\app.e2e-spec.js.map
C:\Users\josh-\Development\Visual Studio 2017\Projects\DataCards\DataCards\dist\out-tsc\src\app\app.component.js
C:\Users\josh-\Development\Visual Studio 2017\Projects\DataCards\DataCards\dist\out-tsc\src\app\app.component.js.map
C:\Users\josh-\Development\Visual Studio 2017\Projects\DataCards\DataCards\dist\out-tsc\src\app\data.service\data.service.js
C:\Users\josh-\Development\Visual Studio 2017\Projects\DataCards\DataCards\dist\out-tsc\src\app\data.service\data.service.js.map
C:\Users\josh-\Development\Visual Studio 2017\Projects\DataCards\DataCards\dist\out-tsc\src\app\data-cards\data-cards.component.js
C:\Users\josh-\Development\Visual Studio 2017\Projects\DataCards\DataCards\dist\out-tsc\src\app\data-cards\data-cards.component.js.map
C:\Users\josh-\Development\Visual Studio 2017\Projects\DataCards\DataCards\dist\out-tsc\src\app\app.module.js
C:\Users\josh-\Development\Visual Studio 2017\Projects\DataCards\DataCards\dist\out-tsc\src\app\app.module.js.map
C:\Users\josh-\Development\Visual Studio 2017\Projects\DataCards\DataCards\dist\out-tsc\src\environments\environment.js
C:\Users\josh-\Development\Visual Studio 2017\Projects\DataCards\DataCards\dist\out-tsc\src\environments\environment.js.map
C:\Users\josh-\Development\Visual Studio 2017\Projects\DataCards\DataCards\dist\out-tsc\src\main.js
C:\Users\josh-\Development\Visual Studio 2017\Projects\DataCards\DataCards\dist\out-tsc\src\main.js.map
C:\Users\josh-\Development\Visual Studio 2017\Projects\DataCards\DataCards\dist\out-tsc\src\polyfills.js
C:\Users\josh-\Development\Visual Studio 2017\Projects\DataCards\DataCards\dist\out-tsc\src\polyfills.js.map
C:\Users\josh-\Development\Visual Studio 2017\Projects\DataCards\DataCards\dist\out-tsc\src\test.js
C:\Users\josh-\Development\Visual Studio 2017\Projects\DataCards\DataCards\dist\out-tsc\src\test.js.map
C:\Users\josh-\Development\Visual Studio 2017\Projects\DataCards\DataCards\dist\out-tsc\src\environments\environment.prod.js
C:\Users\josh-\Development\Visual Studio 2017\Projects\DataCards\DataCards\dist\out-tsc\src\environments\environment.prod.js.map
C:\Users\josh-\Development\Visual Studio 2017\Projects\DataCards\DataCards\dist\out-tsc\src\app\app.component.spec.js
C:\Users\josh-\Development\Visual Studio 2017\Projects\DataCards\DataCards\dist\out-tsc\src\app\app.component.spec.js.map
C:\Users\josh-\Development\Visual Studio 2017\Projects\DataCards\DataCards\dist\out-tsc\src\app\data.service\data.service.spec.js
C:\Users\josh-\Development\Visual Studio 2017\Projects\DataCards\DataCards\dist\out-tsc\src\app\data.service\data.service.spec.js.map
C:\Users\josh-\Development\Visual Studio 2017\Projects\DataCards\DataCards\dist\out-tsc\src\app\data-cards\data-cards.component.spec.js
C:\Users\josh-\Development\Visual Studio 2017\Projects\DataCards\DataCards\dist\out-tsc\src\app\data-cards\data-cards.component.spec.js.map
C:\Users\josh-\Development\Visual Studio 2017\Projects\DataCards\DataCards\dist\out-tsc\e2e\app.po.js
C:\Users\josh-\Development\Visual Studio 2017\Projects\DataCards\DataCards\dist\out-tsc\e2e\app.po.js.map
C:\Users\josh-\Development\Visual Studio 2017\Projects\DataCards\DataCards\dist\out-tsc\e2e\app.e2e-spec.js
C:\Users\josh-\Development\Visual Studio 2017\Projects\DataCards\DataCards\dist\out-tsc\e2e\app.e2e-spec.js.map
C:\Users\josh-\Development\Visual Studio 2017\Projects\DataCards\DataCards\dist\out-tsc\src\app\app.component.js
C:\Users\josh-\Development\Visual Studio 2017\Projects\DataCards\DataCards\dist\out-tsc\src\app\app.component.js.map
C:\Users\josh-\Development\Visual Studio 2017\Projects\DataCards\DataCards\dist\out-tsc\src\app\data.service\data.service.js
C:\Users\josh-\Development\Visual Studio 2017\Projects\DataCards\DataCards\dist\out-tsc\src\app\data.service\data.service.js.map
C:\Users\josh-\Development\Visual Studio 2017\Projects\DataCards\DataCards\dist\out-tsc\src\app\models\person.js
C:\Users\josh-\Development\Visual Studio 2017\Projects\DataCards\DataCards\dist\out-tsc\src\app\models\person.js.map
C:\Users\josh-\Development\Visual Studio 2017\Projects\DataCards\DataCards\dist\out-tsc\src\app\data-cards\data-cards.component.js
C:\Users\josh-\Development\Visual Studio 2017\Projects\DataCards\DataCards\dist\out-tsc\src\app\data-cards\data-cards.component.js.map
C:\Users\josh-\Development\Visual Studio 2017\Projects\DataCards\DataCards\dist\out-tsc\src\app\app.module.js
C:\Users\josh-\Development\Visual Studio 2017\Projects\DataCards\DataCards\dist\out-tsc\src\app\app.module.js.map
C:\Users\josh-\Development\Visual Studio 2017\Projects\DataCards\DataCards\dist\out-tsc\src\environments\environment.js
C:\Users\josh-\Development\Visual Studio 2017\Projects\DataCards\DataCards\dist\out-tsc\src\environments\environment.js.map
C:\Users\josh-\Development\Visual Studio 2017\Projects\DataCards\DataCards\dist\out-tsc\src\main.js
C:\Users\josh-\Development\Visual Studio 2017\Projects\DataCards\DataCards\dist\out-tsc\src\main.js.map
C:\Users\josh-\Development\Visual Studio 2017\Projects\DataCards\DataCards\dist\out-tsc\src\polyfills.js
C:\Users\josh-\Development\Visual Studio 2017\Projects\DataCards\DataCards\dist\out-tsc\src\polyfills.js.map
C:\Users\josh-\Development\Visual Studio 2017\Projects\DataCards\DataCards\dist\out-tsc\src\test.js
C:\Users\josh-\Development\Visual Studio 2017\Projects\DataCards\DataCards\dist\out-tsc\src\test.js.map
C:\Users\josh-\Development\Visual Studio 2017\Projects\DataCards\DataCards\dist\out-tsc\src\environments\environment.prod.js
C:\Users\josh-\Development\Visual Studio 2017\Projects\DataCards\DataCards\dist\out-tsc\src\environments\environment.prod.js.map
C:\Users\josh-\Development\Visual Studio 2017\Projects\DataCards\DataCards\dist\out-tsc\src\app\app.component.spec.js
C:\Users\josh-\Development\Visual Studio 2017\Projects\DataCards\DataCards\dist\out-tsc\src\app\app.component.spec.js.map
C:\Users\josh-\Development\Visual Studio 2017\Projects\DataCards\DataCards\dist\out-tsc\src\app\data.service\data.service.spec.js
C:\Users\josh-\Development\Visual Studio 2017\Projects\DataCards\DataCards\dist\out-tsc\src\app\data.service\data.service.spec.js.map
C:\Users\josh-\Development\Visual Studio 2017\Projects\DataCards\DataCards\dist\out-tsc\src\app\data-cards\data-cards.component.spec.js
C:\Users\josh-\Development\Visual Studio 2017\Projects\DataCards\DataCards\dist\out-tsc\src\app\data-cards\data-cards.component.spec.js.map
C:\Users\josh-\Development\Visual Studio 2017\Projects\DataCards\DataCards\dist\out-tsc\e2e\app.po.js
C:\Users\josh-\Development\Visual Studio 2017\Projects\DataCards\DataCards\dist\out-tsc\e2e\app.po.js.map
C:\Users\josh-\Development\Visual Studio 2017\Projects\DataCards\DataCards\dist\out-tsc\e2e\app.e2e-spec.js
C:\Users\josh-\Development\Visual Studio 2017\Projects\DataCards\DataCards\dist\out-tsc\e2e\app.e2e-spec.js.map
C:\Users\josh-\Development\Visual Studio 2017\Projects\DataCards\DataCards\dist\out-tsc\src\app\app.component.js
C:\Users\josh-\Development\Visual Studio 2017\Projects\DataCards\DataCards\dist\out-tsc\src\app\app.component.js.map
C:\Users\josh-\Development\Visual Studio 2017\Projects\DataCards\DataCards\dist\out-tsc\src\app\data.service\data.service.js
C:\Users\josh-\Development\Visual Studio 2017\Projects\DataCards\DataCards\dist\out-tsc\src\app\data.service\data.service.js.map
C:\Users\josh-\Development\Visual Studio 2017\Projects\DataCards\DataCards\dist\out-tsc\src\app\models\person.js
C:\Users\josh-\Development\Visual Studio 2017\Projects\DataCards\DataCards\dist\out-tsc\src\app\models\person.js.map
C:\Users\josh-\Development\Visual Studio 2017\Projects\DataCards\DataCards\dist\out-tsc\src\app\data-cards\data-cards.component.js
C:\Users\josh-\Development\Visual Studio 2017\Projects\DataCards\DataCards\dist\out-tsc\src\app\data-cards\data-cards.component.js.map
C:\Users\josh-\Development\Visual Studio 2017\Projects\DataCards\DataCards\dist\out-tsc\src\app\app.module.js
C:\Users\josh-\Development\Visual Studio 2017\Projects\DataCards\DataCards\dist\out-tsc\src\app\app.module.js.map
C:\Users\josh-\Development\Visual Studio 2017\Projects\DataCards\DataCards\dist\out-tsc\src\environments\environment.js
C:\Users\josh-\Development\Visual Studio 2017\Projects\DataCards\DataCards\dist\out-tsc\src\environments\environment.js.map
C:\Users\josh-\Development\Visual Studio 2017\Projects\DataCards\DataCards\dist\out-tsc\src\main.js
C:\Users\josh-\Development\Visual Studio 2017\Projects\DataCards\DataCards\dist\out-tsc\src\main.js.map
C:\Users\josh-\Development\Visual Studio 2017\Projects\DataCards\DataCards\dist\out-tsc\src\polyfills.js
C:\Users\josh-\Development\Visual Studio 2017\Projects\DataCards\DataCards\dist\out-tsc\src\polyfills.js.map
C:\Users\josh-\Development\Visual Studio 2017\Projects\DataCards\DataCards\dist\out-tsc\src\test.js
C:\Users\josh-\Development\Visual Studio 2017\Projects\DataCards\DataCards\dist\out-tsc\src\test.js.map
C:\Users\josh-\Development\Visual Studio 2017\Projects\DataCards\DataCards\dist\out-tsc\src\environments\environment.prod.js
C:\Users\josh-\Development\Visual Studio 2017\Projects\DataCards\DataCards\dist\out-tsc\src\environments\environment.prod.js.map
C:\Users\josh-\Development\Visual Studio 2017\Projects\DataCards\DataCards\dist\out-tsc\src\app\app.component.spec.js
C:\Users\josh-\Development\Visual Studio 2017\Projects\DataCards\DataCards\dist\out-tsc\src\app\app.component.spec.js.map
C:\Users\josh-\Development\Visual Studio 2017\Projects\DataCards\DataCards\dist\out-tsc\src\app\data.service\data.service.spec.js
C:\Users\josh-\Development\Visual Studio 2017\Projects\DataCards\DataCards\dist\out-tsc\src\app\data.service\data.service.spec.js.map
C:\Users\josh-\Development\Visual Studio 2017\Projects\DataCards\DataCards\dist\out-tsc\src\app\data-cards\data-cards.component.spec.js
C:\Users\josh-\Development\Visual Studio 2017\Projects\DataCards\DataCards\dist\out-tsc\src\app\data-cards\data-cards.component.spec.js.map
C:\Users\josh-\Development\Visual Studio 2017\Projects\DataCards\DataCards\dist\out-tsc\e2e\app.po.js
C:\Users\josh-\Development\Visual Studio 2017\Projects\DataCards\DataCards\dist\out-tsc\e2e\app.po.js.map
C:\Users\josh-\Development\Visual Studio 2017\Projects\DataCards\DataCards\dist\out-tsc\e2e\app.e2e-spec.js
C:\Users\josh-\Development\Visual Studio 2017\Projects\DataCards\DataCards\dist\out-tsc\e2e\app.e2e-spec.js.map
C:\Users\josh-\Development\Visual Studio 2017\Projects\DataCards\DataCards\dist\out-tsc\src\app\app.component.js
C:\Users\josh-\Development\Visual Studio 2017\Projects\DataCards\DataCards\dist\out-tsc\src\app\app.component.js.map
C:\Users\josh-\Development\Visual Studio 2017\Projects\DataCards\DataCards\dist\out-tsc\src\app\data.service\data.service.js
C:\Users\josh-\Development\Visual Studio 2017\Projects\DataCards\DataCards\dist\out-tsc\src\app\data.service\data.service.js.map
C:\Users\josh-\Development\Visual Studio 2017\Projects\DataCards\DataCards\dist\out-tsc\src\app\models\person.js
C:\Users\josh-\Development\Visual Studio 2017\Projects\DataCards\DataCards\dist\out-tsc\src\app\models\person.js.map
C:\Users\josh-\Development\Visual Studio 2017\Projects\DataCards\DataCards\dist\out-tsc\src\app\data-cards\data-cards.component.js
C:\Users\josh-\Development\Visual Studio 2017\Projects\DataCards\DataCards\dist\out-tsc\src\app\data-cards\data-cards.component.js.map
C:\Users\josh-\Development\Visual Studio 2017\Projects\DataCards\DataCards\dist\out-tsc\src\app\app.module.js
C:\Users\josh-\Development\Visual Studio 2017\Projects\DataCards\DataCards\dist\out-tsc\src\app\app.module.js.map
C:\Users\josh-\Development\Visual Studio 2017\Projects\DataCards\DataCards\dist\out-tsc\src\environments\environment.js
C:\Users\josh-\Development\Visual Studio 2017\Projects\DataCards\DataCards\dist\out-tsc\src\environments\environment.js.map
C:\Users\josh-\Development\Visual Studio 2017\Projects\DataCards\DataCards\dist\out-tsc\src\main.js
C:\Users\josh-\Development\Visual Studio 2017\Projects\DataCards\DataCards\dist\out-tsc\src\main.js.map
C:\Users\josh-\Development\Visual Studio 2017\Projects\DataCards\DataCards\dist\out-tsc\src\polyfills.js
C:\Users\josh-\Development\Visual Studio 2017\Projects\DataCards\DataCards\dist\out-tsc\src\polyfills.js.map
C:\Users\josh-\Development\Visual Studio 2017\Projects\DataCards\DataCards\dist\out-tsc\src\test.js
C:\Users\josh-\Development\Visual Studio 2017\Projects\DataCards\DataCards\dist\out-tsc\src\test.js.map
C:\Users\josh-\Development\Visual Studio 2017\Projects\DataCards\DataCards\dist\out-tsc\src\environments\environment.prod.js
C:\Users\josh-\Development\Visual Studio 2017\Projects\DataCards\DataCards\dist\out-tsc\src\environments\environment.prod.js.map
C:\Users\josh-\Development\Visual Studio 2017\Projects\DataCards\DataCards\dist\out-tsc\src\app\app.component.spec.js
C:\Users\josh-\Development\Visual Studio 2017\Projects\DataCards\DataCards\dist\out-tsc\src\app\app.component.spec.js.map
C:\Users\josh-\Development\Visual Studio 2017\Projects\DataCards\DataCards\dist\out-tsc\src\app\data.service\data.service.spec.js
C:\Users\josh-\Development\Visual Studio 2017\Projects\DataCards\DataCards\dist\out-tsc\src\app\data.service\data.service.spec.js.map
C:\Users\josh-\Development\Visual Studio 2017\Projects\DataCards\DataCards\dist\out-tsc\src\app\data-cards\data-cards.component.spec.js
C:\Users\josh-\Development\Visual Studio 2017\Projects\DataCards\DataCards\dist\out-tsc\src\app\data-cards\data-cards.component.spec.js.map
C:\Users\josh-\Development\Visual Studio 2017\Projects\DataCards\DataCards\dist\out-tsc\e2e\app.po.js
C:\Users\josh-\Development\Visual Studio 2017\Projects\DataCards\DataCards\dist\out-tsc\e2e\app.po.js.map
C:\Users\josh-\Development\Visual Studio 2017\Projects\DataCards\DataCards\dist\out-tsc\e2e\app.e2e-spec.js
C:\Users\josh-\Development\Visual Studio 2017\Projects\DataCards\DataCards\dist\out-tsc\e2e\app.e2e-spec.js.map
C:\Users\josh-\Development\Visual Studio 2017\Projects\DataCards\DataCards\dist\out-tsc\src\app\app.component.js
C:\Users\josh-\Development\Visual Studio 2017\Projects\DataCards\DataCards\dist\out-tsc\src\app\app.component.js.map
C:\Users\josh-\Development\Visual Studio 2017\Projects\DataCards\DataCards\dist\out-tsc\src\app\data.service\data.service.js
C:\Users\josh-\Development\Visual Studio 2017\Projects\DataCards\DataCards\dist\out-tsc\src\app\data.service\data.service.js.map
C:\Users\josh-\Development\Visual Studio 2017\Projects\DataCards\DataCards\dist\out-tsc\src\app\models\person.js
C:\Users\josh-\Development\Visual Studio 2017\Projects\DataCards\DataCards\dist\out-tsc\src\app\models\person.js.map
C:\Users\josh-\Development\Visual Studio 2017\Projects\DataCards\DataCards\dist\out-tsc\src\app\data-cards\data-cards.component.js
C:\Users\josh-\Development\Visual Studio 2017\Projects\DataCards\DataCards\dist\out-tsc\src\app\data-cards\data-cards.component.js.map
C:\Users\josh-\Development\Visual Studio 2017\Projects\DataCards\DataCards\dist\out-tsc\src\app\app.module.js
C:\Users\josh-\Development\Visual Studio 2017\Projects\DataCards\DataCards\dist\out-tsc\src\app\app.module.js.map
C:\Users\josh-\Development\Visual Studio 2017\Projects\DataCards\DataCards\dist\out-tsc\src\environments\environment.js
C:\Users\josh-\Development\Visual Studio 2017\Projects\DataCards\DataCards\dist\out-tsc\src\environments\environment.js.map
C:\Users\josh-\Development\Visual Studio 2017\Projects\DataCards\DataCards\dist\out-tsc\src\main.js
C:\Users\josh-\Development\Visual Studio 2017\Projects\DataCards\DataCards\dist\out-tsc\src\main.js.map
C:\Users\josh-\Development\Visual Studio 2017\Projects\DataCards\DataCards\dist\out-tsc\src\polyfills.js
C:\Users\josh-\Development\Visual Studio 2017\Projects\DataCards\DataCards\dist\out-tsc\src\polyfills.js.map
C:\Users\josh-\Development\Visual Studio 2017\Projects\DataCards\DataCards\dist\out-tsc\src\test.js
C:\Users\josh-\Development\Visual Studio 2017\Projects\DataCards\DataCards\dist\out-tsc\src\test.js.map
C:\Users\josh-\Development\Visual Studio 2017\Projects\DataCards\DataCards\dist\out-tsc\src\environments\environment.prod.js
C:\Users\josh-\Development\Visual Studio 2017\Projects\DataCards\DataCards\dist\out-tsc\src\environments\environment.prod.js.map
C:\Users\josh-\Development\Visual Studio 2017\Projects\DataCards\DataCards\dist\out-tsc\src\app\app.component.spec.js
C:\Users\josh-\Development\Visual Studio 2017\Projects\DataCards\DataCards\dist\out-tsc\src\app\app.component.spec.js.map
C:\Users\josh-\Development\Visual Studio 2017\Projects\DataCards\DataCards\dist\out-tsc\src\app\data.service\data.service.spec.js
C:\Users\josh-\Development\Visual Studio 2017\Projects\DataCards\DataCards\dist\out-tsc\src\app\data.service\data.service.spec.js.map
C:\Users\josh-\Development\Visual Studio 2017\Projects\DataCards\DataCards\dist\out-tsc\src\app\data-cards\data-cards.component.spec.js
C:\Users\josh-\Development\Visual Studio 2017\Projects\DataCards\DataCards\dist\out-tsc\src\app\data-cards\data-cards.component.spec.js.map
C:\Users\josh-\Development\Visual Studio 2017\Projects\DataCards\DataCards\dist\out-tsc\e2e\app.po.js
C:\Users\josh-\Development\Visual Studio 2017\Projects\DataCards\DataCards\dist\out-tsc\e2e\app.po.js.map
C:\Users\josh-\Development\Visual Studio 2017\Projects\DataCards\DataCards\dist\out-tsc\e2e\app.e2e-spec.js
C:\Users\josh-\Development\Visual Studio 2017\Projects\DataCards\DataCards\dist\out-tsc\e2e\app.e2e-spec.js.map
C:\Users\josh-\Development\Visual Studio 2017\Projects\DataCards\DataCards\dist\out-tsc\src\app\app.component.js
C:\Users\josh-\Development\Visual Studio 2017\Projects\DataCards\DataCards\dist\out-tsc\src\app\app.component.js.map
C:\Users\josh-\Development\Visual Studio 2017\Projects\DataCards\DataCards\dist\out-tsc\src\app\data.service\data.service.js
C:\Users\josh-\Development\Visual Studio 2017\Projects\DataCards\DataCards\dist\out-tsc\src\app\data.service\data.service.js.map
C:\Users\josh-\Development\Visual Studio 2017\Projects\DataCards\DataCards\dist\out-tsc\src\app\models\person.js
C:\Users\josh-\Development\Visual Studio 2017\Projects\DataCards\DataCards\dist\out-tsc\src\app\models\person.js.map
C:\Users\josh-\Development\Visual Studio 2017\Projects\DataCards\DataCards\dist\out-tsc\src\app\data-cards\data-cards.component.js
C:\Users\josh-\Development\Visual Studio 2017\Projects\DataCards\DataCards\dist\out-tsc\src\app\data-cards\data-cards.component.js.map
C:\Users\josh-\Development\Visual Studio 2017\Projects\DataCards\DataCards\dist\out-tsc\src\app\app.module.js
C:\Users\josh-\Development\Visual Studio 2017\Projects\DataCards\DataCards\dist\out-tsc\src\app\app.module.js.map
C:\Users\josh-\Development\Visual Studio 2017\Projects\DataCards\DataCards\dist\out-tsc\src\environments\environment.js
C:\Users\josh-\Development\Visual Studio 2017\Projects\DataCards\DataCards\dist\out-tsc\src\environments\environment.js.map
C:\Users\josh-\Development\Visual Studio 2017\Projects\DataCards\DataCards\dist\out-tsc\src\main.js
C:\Users\josh-\Development\Visual Studio 2017\Projects\DataCards\DataCards\dist\out-tsc\src\main.js.map
C:\Users\josh-\Development\Visual Studio 2017\Projects\DataCards\DataCards\dist\out-tsc\src\polyfills.js
C:\Users\josh-\Development\Visual Studio 2017\Projects\DataCards\DataCards\dist\out-tsc\src\polyfills.js.map
C:\Users\josh-\Development\Visual Studio 2017\Projects\DataCards\DataCards\dist\out-tsc\src\test.js
C:\Users\josh-\Development\Visual Studio 2017\Projects\DataCards\DataCards\dist\out-tsc\src\test.js.map
C:\Users\josh-\Development\Visual Studio 2017\Projects\DataCards\DataCards\dist\out-tsc\src\environments\environment.prod.js
C:\Users\josh-\Development\Visual Studio 2017\Projects\DataCards\DataCards\dist\out-tsc\src\environments\environment.prod.js.map
C:\Users\josh-\Development\Visual Studio 2017\Projects\DataCards\DataCards\dist\out-tsc\src\app\app.component.spec.js
C:\Users\josh-\Development\Visual Studio 2017\Projects\DataCards\DataCards\dist\out-tsc\src\app\app.component.spec.js.map
C:\Users\josh-\Development\Visual Studio 2017\Projects\DataCards\DataCards\dist\out-tsc\src\app\data.service\data.service.spec.js
C:\Users\josh-\Development\Visual Studio 2017\Projects\DataCards\DataCards\dist\out-tsc\src\app\data.service\data.service.spec.js.map
C:\Users\josh-\Development\Visual Studio 2017\Projects\DataCards\DataCards\dist\out-tsc\src\app\data-cards\data-cards.component.spec.js
C:\Users\josh-\Development\Visual Studio 2017\Projects\DataCards\DataCards\dist\out-tsc\src\app\data-cards\data-cards.component.spec.js.map
C:\Users\josh-\Development\Visual Studio 2017\Projects\DataCards\DataCards\dist\out-tsc\e2e\app.po.js
C:\Users\josh-\Development\Visual Studio 2017\Projects\DataCards\DataCards\dist\out-tsc\e2e\app.po.js.map
C:\Users\josh-\Development\Visual Studio 2017\Projects\DataCards\DataCards\dist\out-tsc\e2e\app.e2e-spec.js
C:\Users\josh-\Development\Visual Studio 2017\Projects\DataCards\DataCards\dist\out-tsc\e2e\app.e2e-spec.js.map
C:\Users\josh-\Development\Visual Studio 2017\Projects\DataCards\DataCards\dist\out-tsc\src\app\app.component.js
C:\Users\josh-\Development\Visual Studio 2017\Projects\DataCards\DataCards\dist\out-tsc\src\app\app.component.js.map
C:\Users\josh-\Development\Visual Studio 2017\Projects\DataCards\DataCards\dist\out-tsc\src\app\data.service\data.service.js
C:\Users\josh-\Development\Visual Studio 2017\Projects\DataCards\DataCards\dist\out-tsc\src\app\data.service\data.service.js.map
C:\Users\josh-\Development\Visual Studio 2017\Projects\DataCards\DataCards\dist\out-tsc\src\app\models\person.js
C:\Users\josh-\Development\Visual Studio 2017\Projects\DataCards\DataCards\dist\out-tsc\src\app\models\person.js.map
C:\Users\josh-\Development\Visual Studio 2017\Projects\DataCards\DataCards\dist\out-tsc\src\app\data-cards\data-cards.component.js
C:\Users\josh-\Development\Visual Studio 2017\Projects\DataCards\DataCards\dist\out-tsc\src\app\data-cards\data-cards.component.js.map
C:\Users\josh-\Development\Visual Studio 2017\Projects\DataCards\DataCards\dist\out-tsc\src\app\app.module.js
C:\Users\josh-\Development\Visual Studio 2017\Projects\DataCards\DataCards\dist\out-tsc\src\app\app.module.js.map
C:\Users\josh-\Development\Visual Studio 2017\Projects\DataCards\DataCards\dist\out-tsc\src\environments\environment.js
C:\Users\josh-\Development\Visual Studio 2017\Projects\DataCards\DataCards\dist\out-tsc\src\environments\environment.js.map
C:\Users\josh-\Development\Visual Studio 2017\Projects\DataCards\DataCards\dist\out-tsc\src\main.js
C:\Users\josh-\Development\Visual Studio 2017\Projects\DataCards\DataCards\dist\out-tsc\src\main.js.map
C:\Users\josh-\Development\Visual Studio 2017\Projects\DataCards\DataCards\dist\out-tsc\src\polyfills.js
C:\Users\josh-\Development\Visual Studio 2017\Projects\DataCards\DataCards\dist\out-tsc\src\polyfills.js.map
C:\Users\josh-\Development\Visual Studio 2017\Projects\DataCards\DataCards\dist\out-tsc\src\test.js
C:\Users\josh-\Development\Visual Studio 2017\Projects\DataCards\DataCards\dist\out-tsc\src\test.js.map
C:\Users\josh-\Development\Visual Studio 2017\Projects\DataCards\DataCards\dist\out-tsc\src\environments\environment.prod.js
C:\Users\josh-\Development\Visual Studio 2017\Projects\DataCards\DataCards\dist\out-tsc\src\environments\environment.prod.js.map
C:\Users\josh-\Development\Visual Studio 2017\Projects\DataCards\DataCards\dist\out-tsc\src\app\app.component.spec.js
C:\Users\josh-\Development\Visual Studio 2017\Projects\DataCards\DataCards\dist\out-tsc\src\app\app.component.spec.js.map
C:\Users\josh-\Development\Visual Studio 2017\Projects\DataCards\DataCards\dist\out-tsc\src\app\data.service\data.service.spec.js
C:\Users\josh-\Development\Visual Studio 2017\Projects\DataCards\DataCards\dist\out-tsc\src\app\data.service\data.service.spec.js.map
C:\Users\josh-\Development\Visual Studio 2017\Projects\DataCards\DataCards\dist\out-tsc\src\app\data-cards\data-cards.component.spec.js
C:\Users\josh-\Development\Visual Studio 2017\Projects\DataCards\DataCards\dist\out-tsc\src\app\data-cards\data-cards.component.spec.js.map
C:\Users\josh-\Development\Visual Studio 2017\Projects\DataCards\DataCards\dist\out-tsc\e2e\app.po.js
C:\Users\josh-\Development\Visual Studio 2017\Projects\DataCards\DataCards\dist\out-tsc\e2e\app.po.js.map
C:\Users\josh-\Development\Visual Studio 2017\Projects\DataCards\DataCards\dist\out-tsc\e2e\app.e2e-spec.js
C:\Users\josh-\Development\Visual Studio 2017\Projects\DataCards\DataCards\dist\out-tsc\e2e\app.e2e-spec.js.map
C:\Users\josh-\Development\Visual Studio 2017\Projects\DataCards\DataCards\dist\out-tsc\src\app\app.component.js
C:\Users\josh-\Development\Visual Studio 2017\Projects\DataCards\DataCards\dist\out-tsc\src\app\app.component.js.map
C:\Users\josh-\Development\Visual Studio 2017\Projects\DataCards\DataCards\dist\out-tsc\src\app\data.service\data.service.js
C:\Users\josh-\Development\Visual Studio 2017\Projects\DataCards\DataCards\dist\out-tsc\src\app\data.service\data.service.js.map
C:\Users\josh-\Development\Visual Studio 2017\Projects\DataCards\DataCards\dist\out-tsc\src\app\models\person.js
C:\Users\josh-\Development\Visual Studio 2017\Projects\DataCards\DataCards\dist\out-tsc\src\app\models\person.js.map
C:\Users\josh-\Development\Visual Studio 2017\Projects\DataCards\DataCards\dist\out-tsc\src\app\data-cards\data-cards.component.js
C:\Users\josh-\Development\Visual Studio 2017\Projects\DataCards\DataCards\dist\out-tsc\src\app\data-cards\data-cards.component.js.map
C:\Users\josh-\Development\Visual Studio 2017\Projects\DataCards\DataCards\dist\out-tsc\src\app\app.module.js
C:\Users\josh-\Development\Visual Studio 2017\Projects\DataCards\DataCards\dist\out-tsc\src\app\app.module.js.map
C:\Users\josh-\Development\Visual Studio 2017\Projects\DataCards\DataCards\dist\out-tsc\src\environments\environment.js
C:\Users\josh-\Development\Visual Studio 2017\Projects\DataCards\DataCards\dist\out-tsc\src\environments\environment.js.map
C:\Users\josh-\Development\Visual Studio 2017\Projects\DataCards\DataCards\dist\out-tsc\src\main.js
C:\Users\josh-\Development\Visual Studio 2017\Projects\DataCards\DataCards\dist\out-tsc\src\main.js.map
C:\Users\josh-\Development\Visual Studio 2017\Projects\DataCards\DataCards\dist\out-tsc\src\polyfills.js
C:\Users\josh-\Development\Visual Studio 2017\Projects\DataCards\DataCards\dist\out-tsc\src\polyfills.js.map
C:\Users\josh-\Development\Visual Studio 2017\Projects\DataCards\DataCards\dist\out-tsc\src\test.js
C:\Users\josh-\Development\Visual Studio 2017\Projects\DataCards\DataCards\dist\out-tsc\src\test.js.map
C:\Users\josh-\Development\Visual Studio 2017\Projects\DataCards\DataCards\dist\out-tsc\src\environments\environment.prod.js
C:\Users\josh-\Development\Visual Studio 2017\Projects\DataCards\DataCards\dist\out-tsc\src\environments\environment.prod.js.map
C:\Users\josh-\Development\Visual Studio 2017\Projects\DataCards\DataCards\dist\out-tsc\src\app\app.component.spec.js
C:\Users\josh-\Development\Visual Studio 2017\Projects\DataCards\DataCards\dist\out-tsc\src\app\app.component.spec.js.map
C:\Users\josh-\Development\Visual Studio 2017\Projects\DataCards\DataCards\dist\out-tsc\src\app\data.service\data.service.spec.js
C:\Users\josh-\Development\Visual Studio 2017\Projects\DataCards\DataCards\dist\out-tsc\src\app\data.service\data.service.spec.js.map
C:\Users\josh-\Development\Visual Studio 2017\Projects\DataCards\DataCards\dist\out-tsc\src\app\data-cards\data-cards.component.spec.js
C:\Users\josh-\Development\Visual Studio 2017\Projects\DataCards\DataCards\dist\out-tsc\src\app\data-cards\data-cards.component.spec.js.map
C:\Users\josh-\Development\Visual Studio 2017\Projects\DataCards\DataCards\dist\out-tsc\e2e\app.po.js
C:\Users\josh-\Development\Visual Studio 2017\Projects\DataCards\DataCards\dist\out-tsc\e2e\app.po.js.map
C:\Users\josh-\Development\Visual Studio 2017\Projects\DataCards\DataCards\dist\out-tsc\e2e\app.e2e-spec.js
C:\Users\josh-\Development\Visual Studio 2017\Projects\DataCards\DataCards\dist\out-tsc\e2e\app.e2e-spec.js.map
C:\Users\josh-\Development\Visual Studio 2017\Projects\DataCards\DataCards\dist\out-tsc\src\app\app.component.js
C:\Users\josh-\Development\Visual Studio 2017\Projects\DataCards\DataCards\dist\out-tsc\src\app\app.component.js.map
C:\Users\josh-\Development\Visual Studio 2017\Projects\DataCards\DataCards\dist\out-tsc\src\app\data.service\data.service.js
C:\Users\josh-\Development\Visual Studio 2017\Projects\DataCards\DataCards\dist\out-tsc\src\app\data.service\data.service.js.map
C:\Users\josh-\Development\Visual Studio 2017\Projects\DataCards\DataCards\dist\out-tsc\src\app\models\person.js
C:\Users\josh-\Development\Visual Studio 2017\Projects\DataCards\DataCards\dist\out-tsc\src\app\models\person.js.map
C:\Users\josh-\Development\Visual Studio 2017\Projects\DataCards\DataCards\dist\out-tsc\src\app\data-cards\data-cards.component.js
C:\Users\josh-\Development\Visual Studio 2017\Projects\DataCards\DataCards\dist\out-tsc\src\app\data-cards\data-cards.component.js.map
C:\Users\josh-\Development\Visual Studio 2017\Projects\DataCards\DataCards\dist\out-tsc\src\app\app.module.js
C:\Users\josh-\Development\Visual Studio 2017\Projects\DataCards\DataCards\dist\out-tsc\src\app\app.module.js.map
C:\Users\josh-\Development\Visual Studio 2017\Projects\DataCards\DataCards\dist\out-tsc\src\environments\environment.js
C:\Users\josh-\Development\Visual Studio 2017\Projects\DataCards\DataCards\dist\out-tsc\src\environments\environment.js.map
C:\Users\josh-\Development\Visual Studio 2017\Projects\DataCards\DataCards\dist\out-tsc\src\main.js
C:\Users\josh-\Development\Visual Studio 2017\Projects\DataCards\DataCards\dist\out-tsc\src\main.js.map
C:\Users\josh-\Development\Visual Studio 2017\Projects\DataCards\DataCards\dist\out-tsc\src\polyfills.js
C:\Users\josh-\Development\Visual Studio 2017\Projects\DataCards\DataCards\dist\out-tsc\src\polyfills.js.map
C:\Users\josh-\Development\Visual Studio 2017\Projects\DataCards\DataCards\dist\out-tsc\src\test.js
C:\Users\josh-\Development\Visual Studio 2017\Projects\DataCards\DataCards\dist\out-tsc\src\test.js.map
C:\Users\josh-\Development\Visual Studio 2017\Projects\DataCards\DataCards\dist\out-tsc\src\environments\environment.prod.js
C:\Users\josh-\Development\Visual Studio 2017\Projects\DataCards\DataCards\dist\out-tsc\src\environments\environment.prod.js.map
C:\Users\josh-\Development\Visual Studio 2017\Projects\DataCards\DataCards\dist\out-tsc\src\app\app.component.spec.js
C:\Users\josh-\Development\Visual Studio 2017\Projects\DataCards\DataCards\dist\out-tsc\src\app\app.component.spec.js.map
C:\Users\josh-\Development\Visual Studio 2017\Projects\DataCards\DataCards\dist\out-tsc\src\app\data.service\data.service.spec.js
C:\Users\josh-\Development\Visual Studio 2017\Projects\DataCards\DataCards\dist\out-tsc\src\app\data.service\data.service.spec.js.map
C:\Users\josh-\Development\Visual Studio 2017\Projects\DataCards\DataCards\dist\out-tsc\src\app\data-cards\data-cards.component.spec.js
C:\Users\josh-\Development\Visual Studio 2017\Projects\DataCards\DataCards\dist\out-tsc\src\app\data-cards\data-cards.component.spec.js.map
C:\Users\josh-\Development\Visual Studio 2017\Projects\DataCards\DataCards\dist\out-tsc\e2e\app.po.js
C:\Users\josh-\Development\Visual Studio 2017\Projects\DataCards\DataCards\dist\out-tsc\e2e\app.po.js.map
C:\Users\josh-\Development\Visual Studio 2017\Projects\DataCards\DataCards\dist\out-tsc\e2e\app.e2e-spec.js
C:\Users\josh-\Development\Visual Studio 2017\Projects\DataCards\DataCards\dist\out-tsc\e2e\app.e2e-spec.js.map
C:\Users\josh-\Development\Visual Studio 2017\Projects\DataCards\DataCards\dist\out-tsc\src\app\app.component.js
C:\Users\josh-\Development\Visual Studio 2017\Projects\DataCards\DataCards\dist\out-tsc\src\app\app.component.js.map
C:\Users\josh-\Development\Visual Studio 2017\Projects\DataCards\DataCards\dist\out-tsc\src\app\data.service\data.service.js
C:\Users\josh-\Development\Visual Studio 2017\Projects\DataCards\DataCards\dist\out-tsc\src\app\data.service\data.service.js.map
C:\Users\josh-\Development\Visual Studio 2017\Projects\DataCards\DataCards\dist\out-tsc\src\app\models\person.js
C:\Users\josh-\Development\Visual Studio 2017\Projects\DataCards\DataCards\dist\out-tsc\src\app\models\person.js.map
C:\Users\josh-\Development\Visual Studio 2017\Projects\DataCards\DataCards\dist\out-tsc\src\app\data-cards\data-cards.component.js
C:\Users\josh-\Development\Visual Studio 2017\Projects\DataCards\DataCards\dist\out-tsc\src\app\data-cards\data-cards.component.js.map
C:\Users\josh-\Development\Visual Studio 2017\Projects\DataCards\DataCards\dist\out-tsc\src\app\app.module.js
C:\Users\josh-\Development\Visual Studio 2017\Projects\DataCards\DataCards\dist\out-tsc\src\app\app.module.js.map
C:\Users\josh-\Development\Visual Studio 2017\Projects\DataCards\DataCards\dist\out-tsc\src\environments\environment.js
C:\Users\josh-\Development\Visual Studio 2017\Projects\DataCards\DataCards\dist\out-tsc\src\environments\environment.js.map
C:\Users\josh-\Development\Visual Studio 2017\Projects\DataCards\DataCards\dist\out-tsc\src\main.js
C:\Users\josh-\Development\Visual Studio 2017\Projects\DataCards\DataCards\dist\out-tsc\src\main.js.map
C:\Users\josh-\Development\Visual Studio 2017\Projects\DataCards\DataCards\dist\out-tsc\src\polyfills.js
C:\Users\josh-\Development\Visual Studio 2017\Projects\DataCards\DataCards\dist\out-tsc\src\polyfills.js.map
C:\Users\josh-\Development\Visual Studio 2017\Projects\DataCards\DataCards\dist\out-tsc\src\test.js
C:\Users\josh-\Development\Visual Studio 2017\Projects\DataCards\DataCards\dist\out-tsc\src\test.js.map
C:\Users\josh-\Development\Visual Studio 2017\Projects\DataCards\DataCards\dist\out-tsc\src\environments\environment.prod.js
C:\Users\josh-\Development\Visual Studio 2017\Projects\DataCards\DataCards\dist\out-tsc\src\environments\environment.prod.js.map
C:\Users\josh-\Development\Visual Studio 2017\Projects\DataCards\DataCards\dist\out-tsc\src\app\app.component.spec.js
C:\Users\josh-\Development\Visual Studio 2017\Projects\DataCards\DataCards\dist\out-tsc\src\app\app.component.spec.js.map
C:\Users\josh-\Development\Visual Studio 2017\Projects\DataCards\DataCards\dist\out-tsc\src\app\data.service\data.service.spec.js
C:\Users\josh-\Development\Visual Studio 2017\Projects\DataCards\DataCards\dist\out-tsc\src\app\data.service\data.service.spec.js.map
C:\Users\josh-\Development\Visual Studio 2017\Projects\DataCards\DataCards\dist\out-tsc\src\app\data-cards\data-cards.component.spec.js
C:\Users\josh-\Development\Visual Studio 2017\Projects\DataCards\DataCards\dist\out-tsc\src\app\data-cards\data-cards.component.spec.js.map
C:\Users\josh-\Development\Visual Studio 2017\Projects\DataCards\DataCards\dist\out-tsc\e2e\app.po.js
C:\Users\josh-\Development\Visual Studio 2017\Projects\DataCards\DataCards\dist\out-tsc\e2e\app.po.js.map
C:\Users\josh-\Development\Visual Studio 2017\Projects\DataCards\DataCards\dist\out-tsc\e2e\app.e2e-spec.js
C:\Users\josh-\Development\Visual Studio 2017\Projects\DataCards\DataCards\dist\out-tsc\e2e\app.e2e-spec.js.map
C:\Users\josh-\Development\Visual Studio 2017\Projects\DataCards\DataCards\dist\out-tsc\src\app\app.component.js
C:\Users\josh-\Development\Visual Studio 2017\Projects\DataCards\DataCards\dist\out-tsc\src\app\app.component.js.map
C:\Users\josh-\Development\Visual Studio 2017\Projects\DataCards\DataCards\dist\out-tsc\src\app\data.service\data.service.js
C:\Users\josh-\Development\Visual Studio 2017\Projects\DataCards\DataCards\dist\out-tsc\src\app\data.service\data.service.js.map
C:\Users\josh-\Development\Visual Studio 2017\Projects\DataCards\DataCards\dist\out-tsc\src\app\models\person.js
C:\Users\josh-\Development\Visual Studio 2017\Projects\DataCards\DataCards\dist\out-tsc\src\app\models\person.js.map
C:\Users\josh-\Development\Visual Studio 2017\Projects\DataCards\DataCards\dist\out-tsc\src\app\data-cards\data-cards.component.js
C:\Users\josh-\Development\Visual Studio 2017\Projects\DataCards\DataCards\dist\out-tsc\src\app\data-cards\data-cards.component.js.map
C:\Users\josh-\Development\Visual Studio 2017\Projects\DataCards\DataCards\dist\out-tsc\src\app\app.module.js
C:\Users\josh-\Development\Visual Studio 2017\Projects\DataCards\DataCards\dist\out-tsc\src\app\app.module.js.map
C:\Users\josh-\Development\Visual Studio 2017\Projects\DataCards\DataCards\dist\out-tsc\src\environments\environment.js
C:\Users\josh-\Development\Visual Studio 2017\Projects\DataCards\DataCards\dist\out-tsc\src\environments\environment.js.map
C:\Users\josh-\Development\Visual Studio 2017\Projects\DataCards\DataCards\dist\out-tsc\src\main.js
C:\Users\josh-\Development\Visual Studio 2017\Projects\DataCards\DataCards\dist\out-tsc\src\main.js.map
C:\Users\josh-\Development\Visual Studio 2017\Projects\DataCards\DataCards\dist\out-tsc\src\polyfills.js
C:\Users\josh-\Development\Visual Studio 2017\Projects\DataCards\DataCards\dist\out-tsc\src\polyfills.js.map
C:\Users\josh-\Development\Visual Studio 2017\Projects\DataCards\DataCards\dist\out-tsc\src\test.js
C:\Users\josh-\Development\Visual Studio 2017\Projects\DataCards\DataCards\dist\out-tsc\src\test.js.map
C:\Users\josh-\Development\Visual Studio 2017\Projects\DataCards\DataCards\dist\out-tsc\src\environments\environment.prod.js
C:\Users\josh-\Development\Visual Studio 2017\Projects\DataCards\DataCards\dist\out-tsc\src\environments\environment.prod.js.map
C:\Users\josh-\Development\Visual Studio 2017\Projects\DataCards\DataCards\dist\out-tsc\src\app\app.component.spec.js
C:\Users\josh-\Development\Visual Studio 2017\Projects\DataCards\DataCards\dist\out-tsc\src\app\app.component.spec.js.map
C:\Users\josh-\Development\Visual Studio 2017\Projects\DataCards\DataCards\dist\out-tsc\src\app\data.service\data.service.spec.js
C:\Users\josh-\Development\Visual Studio 2017\Projects\DataCards\DataCards\dist\out-tsc\src\app\data.service\data.service.spec.js.map
C:\Users\josh-\Development\Visual Studio 2017\Projects\DataCards\DataCards\dist\out-tsc\src\app\data-cards\data-cards.component.spec.js
C:\Users\josh-\Development\Visual Studio 2017\Projects\DataCards\DataCards\dist\out-tsc\src\app\data-cards\data-cards.component.spec.js.map
C:\Users\josh-\Development\Visual Studio 2017\Projects\DataCards\DataCards\dist\out-tsc\e2e\app.po.js
C:\Users\josh-\Development\Visual Studio 2017\Projects\DataCards\DataCards\dist\out-tsc\e2e\app.po.js.map
C:\Users\josh-\Development\Visual Studio 2017\Projects\DataCards\DataCards\dist\out-tsc\e2e\app.e2e-spec.js
C:\Users\josh-\Development\Visual Studio 2017\Projects\DataCards\DataCards\dist\out-tsc\e2e\app.e2e-spec.js.map
C:\Users\josh-\Development\Visual Studio 2017\Projects\DataCards\DataCards\dist\out-tsc\src\app\app.component.js
C:\Users\josh-\Development\Visual Studio 2017\Projects\DataCards\DataCards\dist\out-tsc\src\app\app.component.js.map
C:\Users\josh-\Development\Visual Studio 2017\Projects\DataCards\DataCards\dist\out-tsc\src\app\data.service\data.service.js
C:\Users\josh-\Development\Visual Studio 2017\Projects\DataCards\DataCards\dist\out-tsc\src\app\data.service\data.service.js.map
C:\Users\josh-\Development\Visual Studio 2017\Projects\DataCards\DataCards\dist\out-tsc\src\app\models\person.js
C:\Users\josh-\Development\Visual Studio 2017\Projects\DataCards\DataCards\dist\out-tsc\src\app\models\person.js.map
C:\Users\josh-\Development\Visual Studio 2017\Projects\DataCards\DataCards\dist\out-tsc\src\app\data-cards\data-cards.component.js
C:\Users\josh-\Development\Visual Studio 2017\Projects\DataCards\DataCards\dist\out-tsc\src\app\data-cards\data-cards.component.js.map
C:\Users\josh-\Development\Visual Studio 2017\Projects\DataCards\DataCards\dist\out-tsc\src\app\app.module.js
C:\Users\josh-\Development\Visual Studio 2017\Projects\DataCards\DataCards\dist\out-tsc\src\app\app.module.js.map
C:\Users\josh-\Development\Visual Studio 2017\Projects\DataCards\DataCards\dist\out-tsc\src\environments\environment.js
C:\Users\josh-\Development\Visual Studio 2017\Projects\DataCards\DataCards\dist\out-tsc\src\environments\environment.js.map
C:\Users\josh-\Development\Visual Studio 2017\Projects\DataCards\DataCards\dist\out-tsc\src\main.js
C:\Users\josh-\Development\Visual Studio 2017\Projects\DataCards\DataCards\dist\out-tsc\src\main.js.map
C:\Users\josh-\Development\Visual Studio 2017\Projects\DataCards\DataCards\dist\out-tsc\src\polyfills.js
C:\Users\josh-\Development\Visual Studio 2017\Projects\DataCards\DataCards\dist\out-tsc\src\polyfills.js.map
C:\Users\josh-\Development\Visual Studio 2017\Projects\DataCards\DataCards\dist\out-tsc\src\test.js
C:\Users\josh-\Development\Visual Studio 2017\Projects\DataCards\DataCards\dist\out-tsc\src\test.js.map
C:\Users\josh-\Development\Visual Studio 2017\Projects\DataCards\DataCards\dist\out-tsc\src\environments\environment.prod.js
C:\Users\josh-\Development\Visual Studio 2017\Projects\DataCards\DataCards\dist\out-tsc\src\environments\environment.prod.js.map
C:\Users\josh-\Development\Visual Studio 2017\Projects\DataCards\DataCards\dist\out-tsc\src\app\app.component.spec.js
C:\Users\josh-\Development\Visual Studio 2017\Projects\DataCards\DataCards\dist\out-tsc\src\app\app.component.spec.js.map
C:\Users\josh-\Development\Visual Studio 2017\Projects\DataCards\DataCards\dist\out-tsc\src\app\data.service\data.service.spec.js
C:\Users\josh-\Development\Visual Studio 2017\Projects\DataCards\DataCards\dist\out-tsc\src\app\data.service\data.service.spec.js.map
C:\Users\josh-\Development\Visual Studio 2017\Projects\DataCards\DataCards\dist\out-tsc\src\app\data-cards\data-cards.component.spec.js
C:\Users\josh-\Development\Visual Studio 2017\Projects\DataCards\DataCards\dist\out-tsc\src\app\data-cards\data-cards.component.spec.js.map
C:\Users\josh-\Development\Visual Studio 2017\Projects\DataCards\DataCards\dist\out-tsc\e2e\app.po.js
C:\Users\josh-\Development\Visual Studio 2017\Projects\DataCards\DataCards\dist\out-tsc\e2e\app.po.js.map
C:\Users\josh-\Development\Visual Studio 2017\Projects\DataCards\DataCards\dist\out-tsc\e2e\app.e2e-spec.js
C:\Users\josh-\Development\Visual Studio 2017\Projects\DataCards\DataCards\dist\out-tsc\e2e\app.e2e-spec.js.map
C:\Users\josh-\Development\Visual Studio 2017\Projects\DataCards\DataCards\dist\out-tsc\src\app\app.component.js
C:\Users\josh-\Development\Visual Studio 2017\Projects\DataCards\DataCards\dist\out-tsc\src\app\app.component.js.map
C:\Users\josh-\Development\Visual Studio 2017\Projects\DataCards\DataCards\dist\out-tsc\src\app\data.service\data.service.js
C:\Users\josh-\Development\Visual Studio 2017\Projects\DataCards\DataCards\dist\out-tsc\src\app\data.service\data.service.js.map
C:\Users\josh-\Development\Visual Studio 2017\Projects\DataCards\DataCards\dist\out-tsc\src\app\models\person.js
C:\Users\josh-\Development\Visual Studio 2017\Projects\DataCards\DataCards\dist\out-tsc\src\app\models\person.js.map
C:\Users\josh-\Development\Visual Studio 2017\Projects\DataCards\DataCards\dist\out-tsc\src\app\data-cards\data-cards.component.js
C:\Users\josh-\Development\Visual Studio 2017\Projects\DataCards\DataCards\dist\out-tsc\src\app\data-cards\data-cards.component.js.map
C:\Users\josh-\Development\Visual Studio 2017\Projects\DataCards\DataCards\dist\out-tsc\src\app\app.module.js
C:\Users\josh-\Development\Visual Studio 2017\Projects\DataCards\DataCards\dist\out-tsc\src\app\app.module.js.map
C:\Users\josh-\Development\Visual Studio 2017\Projects\DataCards\DataCards\dist\out-tsc\src\environments\environment.js
C:\Users\josh-\Development\Visual Studio 2017\Projects\DataCards\DataCards\dist\out-tsc\src\environments\environment.js.map
C:\Users\josh-\Development\Visual Studio 2017\Projects\DataCards\DataCards\dist\out-tsc\src\main.js
C:\Users\josh-\Development\Visual Studio 2017\Projects\DataCards\DataCards\dist\out-tsc\src\main.js.map
C:\Users\josh-\Development\Visual Studio 2017\Projects\DataCards\DataCards\dist\out-tsc\src\polyfills.js
C:\Users\josh-\Development\Visual Studio 2017\Projects\DataCards\DataCards\dist\out-tsc\src\polyfills.js.map
C:\Users\josh-\Development\Visual Studio 2017\Projects\DataCards\DataCards\dist\out-tsc\src\test.js
C:\Users\josh-\Development\Visual Studio 2017\Projects\DataCards\DataCards\dist\out-tsc\src\test.js.map
C:\Users\josh-\Development\Visual Studio 2017\Projects\DataCards\DataCards\dist\out-tsc\src\environments\environment.prod.js
C:\Users\josh-\Development\Visual Studio 2017\Projects\DataCards\DataCards\dist\out-tsc\src\environments\environment.prod.js.map
C:\Users\josh-\Development\Visual Studio 2017\Projects\DataCards\DataCards\dist\out-tsc\src\app\app.component.spec.js
C:\Users\josh-\Development\Visual Studio 2017\Projects\DataCards\DataCards\dist\out-tsc\src\app\app.component.spec.js.map
C:\Users\josh-\Development\Visual Studio 2017\Projects\DataCards\DataCards\dist\out-tsc\src\app\data.service\data.service.spec.js
C:\Users\josh-\Development\Visual Studio 2017\Projects\DataCards\DataCards\dist\out-tsc\src\app\data.service\data.service.spec.js.map
C:\Users\josh-\Development\Visual Studio 2017\Projects\DataCards\DataCards\dist\out-tsc\src\app\data-cards\data-cards.component.spec.js
C:\Users\josh-\Development\Visual Studio 2017\Projects\DataCards\DataCards\dist\out-tsc\src\app\data-cards\data-cards.component.spec.js.map
C:\Users\josh-\Development\Visual Studio 2017\Projects\DataCards\DataCards\dist\out-tsc\e2e\app.po.js
C:\Users\josh-\Development\Visual Studio 2017\Projects\DataCards\DataCards\dist\out-tsc\e2e\app.po.js.map
C:\Users\josh-\Development\Visual Studio 2017\Projects\DataCards\DataCards\dist\out-tsc\e2e\app.e2e-spec.js
C:\Users\josh-\Development\Visual Studio 2017\Projects\DataCards\DataCards\dist\out-tsc\e2e\app.e2e-spec.js.map
C:\Users\josh-\Development\Visual Studio 2017\Projects\DataCards\DataCards\dist\out-tsc\src\app\app.component.js
C:\Users\josh-\Development\Visual Studio 2017\Projects\DataCards\DataCards\dist\out-tsc\src\app\app.component.js.map
C:\Users\josh-\Development\Visual Studio 2017\Projects\DataCards\DataCards\dist\out-tsc\src\app\data.service\data.service.js
C:\Users\josh-\Development\Visual Studio 2017\Projects\DataCards\DataCards\dist\out-tsc\src\app\data.service\data.service.js.map
C:\Users\josh-\Development\Visual Studio 2017\Projects\DataCards\DataCards\dist\out-tsc\src\app\models\person.js
C:\Users\josh-\Development\Visual Studio 2017\Projects\DataCards\DataCards\dist\out-tsc\src\app\models\person.js.map
C:\Users\josh-\Development\Visual Studio 2017\Projects\DataCards\DataCards\dist\out-tsc\src\app\data-cards\data-cards.component.js
C:\Users\josh-\Development\Visual Studio 2017\Projects\DataCards\DataCards\dist\out-tsc\src\app\data-cards\data-cards.component.js.map
C:\Users\josh-\Development\Visual Studio 2017\Projects\DataCards\DataCards\dist\out-tsc\src\app\app.module.js
C:\Users\josh-\Development\Visual Studio 2017\Projects\DataCards\DataCards\dist\out-tsc\src\app\app.module.js.map
C:\Users\josh-\Development\Visual Studio 2017\Projects\DataCards\DataCards\dist\out-tsc\src\environments\environment.js
C:\Users\josh-\Development\Visual Studio 2017\Projects\DataCards\DataCards\dist\out-tsc\src\environments\environment.js.map
C:\Users\josh-\Development\Visual Studio 2017\Projects\DataCards\DataCards\dist\out-tsc\src\main.js
C:\Users\josh-\Development\Visual Studio 2017\Projects\DataCards\DataCards\dist\out-tsc\src\main.js.map
C:\Users\josh-\Development\Visual Studio 2017\Projects\DataCards\DataCards\dist\out-tsc\src\polyfills.js
C:\Users\josh-\Development\Visual Studio 2017\Projects\DataCards\DataCards\dist\out-tsc\src\polyfills.js.map
C:\Users\josh-\Development\Visual Studio 2017\Projects\DataCards\DataCards\dist\out-tsc\src\test.js
C:\Users\josh-\Development\Visual Studio 2017\Projects\DataCards\DataCards\dist\out-tsc\src\test.js.map
C:\Users\josh-\Development\Visual Studio 2017\Projects\DataCards\DataCards\dist\out-tsc\src\environments\environment.prod.js
C:\Users\josh-\Development\Visual Studio 2017\Projects\DataCards\DataCards\dist\out-tsc\src\environments\environment.prod.js.map
C:\Users\josh-\Development\Visual Studio 2017\Projects\DataCards\DataCards\dist\out-tsc\src\app\app.component.spec.js
C:\Users\josh-\Development\Visual Studio 2017\Projects\DataCards\DataCards\dist\out-tsc\src\app\app.component.spec.js.map
C:\Users\josh-\Development\Visual Studio 2017\Projects\DataCards\DataCards\dist\out-tsc\src\app\data.service\data.service.spec.js
C:\Users\josh-\Development\Visual Studio 2017\Projects\DataCards\DataCards\dist\out-tsc\src\app\data.service\data.service.spec.js.map
C:\Users\josh-\Development\Visual Studio 2017\Projects\DataCards\DataCards\dist\out-tsc\src\app\data-cards\data-cards.component.spec.js
C:\Users\josh-\Development\Visual Studio 2017\Projects\DataCards\DataCards\dist\out-tsc\src\app\data-cards\data-cards.component.spec.js.map
C:\Users\josh-\Development\Visual Studio 2017\Projects\DataCards\DataCards\dist\out-tsc\e2e\app.po.js
C:\Users\josh-\Development\Visual Studio 2017\Projects\DataCards\DataCards\dist\out-tsc\e2e\app.po.js.map
C:\Users\josh-\Development\Visual Studio 2017\Projects\DataCards\DataCards\dist\out-tsc\e2e\app.e2e-spec.js
C:\Users\josh-\Development\Visual Studio 2017\Projects\DataCards\DataCards\dist\out-tsc\e2e\app.e2e-spec.js.map
C:\Users\josh-\Development\Visual Studio 2017\Projects\DataCards\DataCards\dist\out-tsc\src\app\app.component.js
C:\Users\josh-\Development\Visual Studio 2017\Projects\DataCards\DataCards\dist\out-tsc\src\app\app.component.js.map
C:\Users\josh-\Development\Visual Studio 2017\Projects\DataCards\DataCards\dist\out-tsc\src\app\data.service\data.service.js
C:\Users\josh-\Development\Visual Studio 2017\Projects\DataCards\DataCards\dist\out-tsc\src\app\data.service\data.service.js.map
C:\Users\josh-\Development\Visual Studio 2017\Projects\DataCards\DataCards\dist\out-tsc\src\app\models\person.js
C:\Users\josh-\Development\Visual Studio 2017\Projects\DataCards\DataCards\dist\out-tsc\src\app\models\person.js.map
C:\Users\josh-\Development\Visual Studio 2017\Projects\DataCards\DataCards\dist\out-tsc\src\app\data-cards\data-cards.component.js
C:\Users\josh-\Development\Visual Studio 2017\Projects\DataCards\DataCards\dist\out-tsc\src\app\data-cards\data-cards.component.js.map
C:\Users\josh-\Development\Visual Studio 2017\Projects\DataCards\DataCards\dist\out-tsc\src\app\app.module.js
C:\Users\josh-\Development\Visual Studio 2017\Projects\DataCards\DataCards\dist\out-tsc\src\app\app.module.js.map
C:\Users\josh-\Development\Visual Studio 2017\Projects\DataCards\DataCards\dist\out-tsc\src\environments\environment.js
C:\Users\josh-\Development\Visual Studio 2017\Projects\DataCards\DataCards\dist\out-tsc\src\environments\environment.js.map
C:\Users\josh-\Development\Visual Studio 2017\Projects\DataCards\DataCards\dist\out-tsc\src\main.js
C:\Users\josh-\Development\Visual Studio 2017\Projects\DataCards\DataCards\dist\out-tsc\src\main.js.map
C:\Users\josh-\Development\Visual Studio 2017\Projects\DataCards\DataCards\dist\out-tsc\src\polyfills.js
C:\Users\josh-\Development\Visual Studio 2017\Projects\DataCards\DataCards\dist\out-tsc\src\polyfills.js.map
C:\Users\josh-\Development\Visual Studio 2017\Projects\DataCards\DataCards\dist\out-tsc\src\test.js
C:\Users\josh-\Development\Visual Studio 2017\Projects\DataCards\DataCards\dist\out-tsc\src\test.js.map
C:\Users\josh-\Development\Visual Studio 2017\Projects\DataCards\DataCards\dist\out-tsc\src\environments\environment.prod.js
C:\Users\josh-\Development\Visual Studio 2017\Projects\DataCards\DataCards\dist\out-tsc\src\environments\environment.prod.js.map
C:\Users\josh-\Development\Visual Studio 2017\Projects\DataCards\DataCards\dist\out-tsc\src\app\app.component.spec.js
C:\Users\josh-\Development\Visual Studio 2017\Projects\DataCards\DataCards\dist\out-tsc\src\app\app.component.spec.js.map
C:\Users\josh-\Development\Visual Studio 2017\Projects\DataCards\DataCards\dist\out-tsc\src\app\data.service\data.service.spec.js
C:\Users\josh-\Development\Visual Studio 2017\Projects\DataCards\DataCards\dist\out-tsc\src\app\data.service\data.service.spec.js.map
C:\Users\josh-\Development\Visual Studio 2017\Projects\DataCards\DataCards\dist\out-tsc\src\app\data-cards\data-cards.component.spec.js
C:\Users\josh-\Development\Visual Studio 2017\Projects\DataCards\DataCards\dist\out-tsc\src\app\data-cards\data-cards.component.spec.js.map
C:\Users\josh-\Development\Visual Studio 2017\Projects\DataCards\DataCards\dist\out-tsc\e2e\app.po.js
C:\Users\josh-\Development\Visual Studio 2017\Projects\DataCards\DataCards\dist\out-tsc\e2e\app.po.js.map
C:\Users\josh-\Development\Visual Studio 2017\Projects\DataCards\DataCards\dist\out-tsc\e2e\app.e2e-spec.js
C:\Users\josh-\Development\Visual Studio 2017\Projects\DataCards\DataCards\dist\out-tsc\e2e\app.e2e-spec.js.map
C:\Users\josh-\Development\Visual Studio 2017\Projects\DataCards\DataCards\dist\out-tsc\src\app\app.component.js
C:\Users\josh-\Development\Visual Studio 2017\Projects\DataCards\DataCards\dist\out-tsc\src\app\app.component.js.map
C:\Users\josh-\Development\Visual Studio 2017\Projects\DataCards\DataCards\dist\out-tsc\src\app\data.service\data.service.js
C:\Users\josh-\Development\Visual Studio 2017\Projects\DataCards\DataCards\dist\out-tsc\src\app\data.service\data.service.js.map
C:\Users\josh-\Development\Visual Studio 2017\Projects\DataCards\DataCards\dist\out-tsc\src\app\models\person.js
C:\Users\josh-\Development\Visual Studio 2017\Projects\DataCards\DataCards\dist\out-tsc\src\app\models\person.js.map
C:\Users\josh-\Development\Visual Studio 2017\Projects\DataCards\DataCards\dist\out-tsc\src\app\data-cards\data-cards.component.js
C:\Users\josh-\Development\Visual Studio 2017\Projects\DataCards\DataCards\dist\out-tsc\src\app\data-cards\data-cards.component.js.map
C:\Users\josh-\Development\Visual Studio 2017\Projects\DataCards\DataCards\dist\out-tsc\src\app\app.module.js
C:\Users\josh-\Development\Visual Studio 2017\Projects\DataCards\DataCards\dist\out-tsc\src\app\app.module.js.map
C:\Users\josh-\Development\Visual Studio 2017\Projects\DataCards\DataCards\dist\out-tsc\src\environments\environment.js
C:\Users\josh-\Development\Visual Studio 2017\Projects\DataCards\DataCards\dist\out-tsc\src\environments\environment.js.map
C:\Users\josh-\Development\Visual Studio 2017\Projects\DataCards\DataCards\dist\out-tsc\src\main.js
C:\Users\josh-\Development\Visual Studio 2017\Projects\DataCards\DataCards\dist\out-tsc\src\main.js.map
C:\Users\josh-\Development\Visual Studio 2017\Projects\DataCards\DataCards\dist\out-tsc\src\polyfills.js
C:\Users\josh-\Development\Visual Studio 2017\Projects\DataCards\DataCards\dist\out-tsc\src\polyfills.js.map
C:\Users\josh-\Development\Visual Studio 2017\Projects\DataCards\DataCards\dist\out-tsc\src\test.js
C:\Users\josh-\Development\Visual Studio 2017\Projects\DataCards\DataCards\dist\out-tsc\src\test.js.map
C:\Users\josh-\Development\Visual Studio 2017\Projects\DataCards\DataCards\dist\out-tsc\src\environments\environment.prod.js
C:\Users\josh-\Development\Visual Studio 2017\Projects\DataCards\DataCards\dist\out-tsc\src\environments\environment.prod.js.map
C:\Users\josh-\Development\Visual Studio 2017\Projects\DataCards\DataCards\dist\out-tsc\src\app\app.component.spec.js
C:\Users\josh-\Development\Visual Studio 2017\Projects\DataCards\DataCards\dist\out-tsc\src\app\app.component.spec.js.map
C:\Users\josh-\Development\Visual Studio 2017\Projects\DataCards\DataCards\dist\out-tsc\src\app\data.service\data.service.spec.js
C:\Users\josh-\Development\Visual Studio 2017\Projects\DataCards\DataCards\dist\out-tsc\src\app\data.service\data.service.spec.js.map
C:\Users\josh-\Development\Visual Studio 2017\Projects\DataCards\DataCards\dist\out-tsc\src\app\data-cards\data-cards.component.spec.js
C:\Users\josh-\Development\Visual Studio 2017\Projects\DataCards\DataCards\dist\out-tsc\src\app\data-cards\data-cards.component.spec.js.map
C:\Users\josh-\Development\Visual Studio 2017\Projects\DataCards\DataCards\dist\out-tsc\e2e\app.po.js
C:\Users\josh-\Development\Visual Studio 2017\Projects\DataCards\DataCards\dist\out-tsc\e2e\app.po.js.map
C:\Users\josh-\Development\Visual Studio 2017\Projects\DataCards\DataCards\dist\out-tsc\e2e\app.e2e-spec.js
C:\Users\josh-\Development\Visual Studio 2017\Projects\DataCards\DataCards\dist\out-tsc\e2e\app.e2e-spec.js.map
C:\Users\josh-\Development\Visual Studio 2017\Projects\DataCards\DataCards\dist\out-tsc\src\app\app.component.js
C:\Users\josh-\Development\Visual Studio 2017\Projects\DataCards\DataCards\dist\out-tsc\src\app\app.component.js.map
C:\Users\josh-\Development\Visual Studio 2017\Projects\DataCards\DataCards\dist\out-tsc\src\app\data.service\data.service.js
C:\Users\josh-\Development\Visual Studio 2017\Projects\DataCards\DataCards\dist\out-tsc\src\app\data.service\data.service.js.map
C:\Users\josh-\Development\Visual Studio 2017\Projects\DataCards\DataCards\dist\out-tsc\src\app\models\person.js
C:\Users\josh-\Development\Visual Studio 2017\Projects\DataCards\DataCards\dist\out-tsc\src\app\models\person.js.map
C:\Users\josh-\Development\Visual Studio 2017\Projects\DataCards\DataCards\dist\out-tsc\src\app\data-cards\data-cards.component.js
C:\Users\josh-\Development\Visual Studio 2017\Projects\DataCards\DataCards\dist\out-tsc\src\app\data-cards\data-cards.component.js.map
C:\Users\josh-\Development\Visual Studio 2017\Projects\DataCards\DataCards\dist\out-tsc\src\app\app.module.js
C:\Users\josh-\Development\Visual Studio 2017\Projects\DataCards\DataCards\dist\out-tsc\src\app\app.module.js.map
C:\Users\josh-\Development\Visual Studio 2017\Projects\DataCards\DataCards\dist\out-tsc\src\environments\environment.js
C:\Users\josh-\Development\Visual Studio 2017\Projects\DataCards\DataCards\dist\out-tsc\src\environments\environment.js.map
C:\Users\josh-\Development\Visual Studio 2017\Projects\DataCards\DataCards\dist\out-tsc\src\main.js
C:\Users\josh-\Development\Visual Studio 2017\Projects\DataCards\DataCards\dist\out-tsc\src\main.js.map
C:\Users\josh-\Development\Visual Studio 2017\Projects\DataCards\DataCards\dist\out-tsc\src\polyfills.js
C:\Users\josh-\Development\Visual Studio 2017\Projects\DataCards\DataCards\dist\out-tsc\src\polyfills.js.map
C:\Users\josh-\Development\Visual Studio 2017\Projects\DataCards\DataCards\dist\out-tsc\src\test.js
C:\Users\josh-\Development\Visual Studio 2017\Projects\DataCards\DataCards\dist\out-tsc\src\test.js.map
C:\Users\josh-\Development\Visual Studio 2017\Projects\DataCards\DataCards\dist\out-tsc\src\environments\environment.prod.js
C:\Users\josh-\Development\Visual Studio 2017\Projects\DataCards\DataCards\dist\out-tsc\src\environments\environment.prod.js.map
C:\Users\josh-\Development\Visual Studio 2017\Projects\DataCards\DataCards\dist\out-tsc\src\app\app.component.spec.js
C:\Users\josh-\Development\Visual Studio 2017\Projects\DataCards\DataCards\dist\out-tsc\src\app\app.component.spec.js.map
C:\Users\josh-\Development\Visual Studio 2017\Projects\DataCards\DataCards\dist\out-tsc\src\app\data.service\data.service.spec.js
C:\Users\josh-\Development\Visual Studio 2017\Projects\DataCards\DataCards\dist\out-tsc\src\app\data.service\data.service.spec.js.map
C:\Users\josh-\Development\Visual Studio 2017\Projects\DataCards\DataCards\dist\out-tsc\src\app\data-cards\data-cards.component.spec.js
C:\Users\josh-\Development\Visual Studio 2017\Projects\DataCards\DataCards\dist\out-tsc\src\app\data-cards\data-cards.component.spec.js.map
C:\Users\josh-\Development\Visual Studio 2017\Projects\DataCards\DataCards\dist\out-tsc\e2e\app.po.js
C:\Users\josh-\Development\Visual Studio 2017\Projects\DataCards\DataCards\dist\out-tsc\e2e\app.po.js.map
C:\Users\josh-\Development\Visual Studio 2017\Projects\DataCards\DataCards\dist\out-tsc\e2e\app.e2e-spec.js
C:\Users\josh-\Development\Visual Studio 2017\Projects\DataCards\DataCards\dist\out-tsc\e2e\app.e2e-spec.js.map
C:\Users\josh-\Development\Visual Studio 2017\Projects\DataCards\DataCards\dist\out-tsc\src\app\app.component.js
C:\Users\josh-\Development\Visual Studio 2017\Projects\DataCards\DataCards\dist\out-tsc\src\app\app.component.js.map
C:\Users\josh-\Development\Visual Studio 2017\Projects\DataCards\DataCards\dist\out-tsc\src\app\data.service\data.service.js
C:\Users\josh-\Development\Visual Studio 2017\Projects\DataCards\DataCards\dist\out-tsc\src\app\data.service\data.service.js.map
C:\Users\josh-\Development\Visual Studio 2017\Projects\DataCards\DataCards\dist\out-tsc\src\app\models\person.js
C:\Users\josh-\Development\Visual Studio 2017\Projects\DataCards\DataCards\dist\out-tsc\src\app\models\person.js.map
C:\Users\josh-\Development\Visual Studio 2017\Projects\DataCards\DataCards\dist\out-tsc\src\app\data-cards\data-cards.component.js
C:\Users\josh-\Development\Visual Studio 2017\Projects\DataCards\DataCards\dist\out-tsc\src\app\data-cards\data-cards.component.js.map
C:\Users\josh-\Development\Visual Studio 2017\Projects\DataCards\DataCards\dist\out-tsc\src\app\app.module.js
C:\Users\josh-\Development\Visual Studio 2017\Projects\DataCards\DataCards\dist\out-tsc\src\app\app.module.js.map
C:\Users\josh-\Development\Visual Studio 2017\Projects\DataCards\DataCards\dist\out-tsc\src\environments\environment.js
C:\Users\josh-\Development\Visual Studio 2017\Projects\DataCards\DataCards\dist\out-tsc\src\environments\environment.js.map
C:\Users\josh-\Development\Visual Studio 2017\Projects\DataCards\DataCards\dist\out-tsc\src\main.js
C:\Users\josh-\Development\Visual Studio 2017\Projects\DataCards\DataCards\dist\out-tsc\src\main.js.map
C:\Users\josh-\Development\Visual Studio 2017\Projects\DataCards\DataCards\dist\out-tsc\src\polyfills.js
C:\Users\josh-\Development\Visual Studio 2017\Projects\DataCards\DataCards\dist\out-tsc\src\polyfills.js.map
C:\Users\josh-\Development\Visual Studio 2017\Projects\DataCards\DataCards\dist\out-tsc\src\test.js
C:\Users\josh-\Development\Visual Studio 2017\Projects\DataCards\DataCards\dist\out-tsc\src\test.js.map
C:\Users\josh-\Development\Visual Studio 2017\Projects\DataCards\DataCards\dist\out-tsc\src\environments\environment.prod.js
C:\Users\josh-\Development\Visual Studio 2017\Projects\DataCards\DataCards\dist\out-tsc\src\environments\environment.prod.js.map
C:\Users\josh-\Development\Visual Studio 2017\Projects\DataCards\DataCards\dist\out-tsc\src\app\app.component.spec.js
C:\Users\josh-\Development\Visual Studio 2017\Projects\DataCards\DataCards\dist\out-tsc\src\app\app.component.spec.js.map
C:\Users\josh-\Development\Visual Studio 2017\Projects\DataCards\DataCards\dist\out-tsc\src\app\data.service\data.service.spec.js
C:\Users\josh-\Development\Visual Studio 2017\Projects\DataCards\DataCards\dist\out-tsc\src\app\data.service\data.service.spec.js.map
C:\Users\josh-\Development\Visual Studio 2017\Projects\DataCards\DataCards\dist\out-tsc\src\app\data-cards\data-cards.component.spec.js
C:\Users\josh-\Development\Visual Studio 2017\Projects\DataCards\DataCards\dist\out-tsc\src\app\data-cards\data-cards.component.spec.js.map
C:\Users\josh-\Development\Visual Studio 2017\Projects\DataCards\DataCards\dist\out-tsc\e2e\app.po.js
C:\Users\josh-\Development\Visual Studio 2017\Projects\DataCards\DataCards\dist\out-tsc\e2e\app.po.js.map
C:\Users\josh-\Development\Visual Studio 2017\Projects\DataCards\DataCards\dist\out-tsc\e2e\app.e2e-spec.js
C:\Users\josh-\Development\Visual Studio 2017\Projects\DataCards\DataCards\dist\out-tsc\e2e\app.e2e-spec.js.map
C:\Users\josh-\Development\Visual Studio 2017\Projects\DataCards\DataCards\dist\out-tsc\src\app\app.component.js
C:\Users\josh-\Development\Visual Studio 2017\Projects\DataCards\DataCards\dist\out-tsc\src\app\app.component.js.map
C:\Users\josh-\Development\Visual Studio 2017\Projects\DataCards\DataCards\dist\out-tsc\src\app\data.service\data.service.js
C:\Users\josh-\Development\Visual Studio 2017\Projects\DataCards\DataCards\dist\out-tsc\src\app\data.service\data.service.js.map
C:\Users\josh-\Development\Visual Studio 2017\Projects\DataCards\DataCards\dist\out-tsc\src\app\models\person.js
C:\Users\josh-\Development\Visual Studio 2017\Projects\DataCards\DataCards\dist\out-tsc\src\app\models\person.js.map
C:\Users\josh-\Development\Visual Studio 2017\Projects\DataCards\DataCards\dist\out-tsc\src\app\data-cards\data-cards.component.js
C:\Users\josh-\Development\Visual Studio 2017\Projects\DataCards\DataCards\dist\out-tsc\src\app\data-cards\data-cards.component.js.map
C:\Users\josh-\Development\Visual Studio 2017\Projects\DataCards\DataCards\dist\out-tsc\src\app\app.module.js
C:\Users\josh-\Development\Visual Studio 2017\Projects\DataCards\DataCards\dist\out-tsc\src\app\app.module.js.map
C:\Users\josh-\Development\Visual Studio 2017\Projects\DataCards\DataCards\dist\out-tsc\src\environments\environment.js
C:\Users\josh-\Development\Visual Studio 2017\Projects\DataCards\DataCards\dist\out-tsc\src\environments\environment.js.map
C:\Users\josh-\Development\Visual Studio 2017\Projects\DataCards\DataCards\dist\out-tsc\src\main.js
C:\Users\josh-\Development\Visual Studio 2017\Projects\DataCards\DataCards\dist\out-tsc\src\main.js.map
C:\Users\josh-\Development\Visual Studio 2017\Projects\DataCards\DataCards\dist\out-tsc\src\polyfills.js
C:\Users\josh-\Development\Visual Studio 2017\Projects\DataCards\DataCards\dist\out-tsc\src\polyfills.js.map
C:\Users\josh-\Development\Visual Studio 2017\Projects\DataCards\DataCards\dist\out-tsc\src\test.js
C:\Users\josh-\Development\Visual Studio 2017\Projects\DataCards\DataCards\dist\out-tsc\src\test.js.map
C:\Users\josh-\Development\Visual Studio 2017\Projects\DataCards\DataCards\dist\out-tsc\src\environments\environment.prod.js
C:\Users\josh-\Development\Visual Studio 2017\Projects\DataCards\DataCards\dist\out-tsc\src\environments\environment.prod.js.map
C:\Users\josh-\Development\Visual Studio 2017\Projects\DataCards\DataCards\dist\out-tsc\src\app\app.component.spec.js
C:\Users\josh-\Development\Visual Studio 2017\Projects\DataCards\DataCards\dist\out-tsc\src\app\app.component.spec.js.map
C:\Users\josh-\Development\Visual Studio 2017\Projects\DataCards\DataCards\dist\out-tsc\src\app\data.service\data.service.spec.js
C:\Users\josh-\Development\Visual Studio 2017\Projects\DataCards\DataCards\dist\out-tsc\src\app\data.service\data.service.spec.js.map
C:\Users\josh-\Development\Visual Studio 2017\Projects\DataCards\DataCards\dist\out-tsc\src\app\data-cards\data-cards.component.spec.js
C:\Users\josh-\Development\Visual Studio 2017\Projects\DataCards\DataCards\dist\out-tsc\src\app\data-cards\data-cards.component.spec.js.map
C:\Users\josh-\Development\Visual Studio 2017\Projects\DataCards\DataCards\dist\out-tsc\e2e\app.po.js
C:\Users\josh-\Development\Visual Studio 2017\Projects\DataCards\DataCards\dist\out-tsc\e2e\app.po.js.map
C:\Users\josh-\Development\Visual Studio 2017\Projects\DataCards\DataCards\dist\out-tsc\e2e\app.e2e-spec.js
C:\Users\josh-\Development\Visual Studio 2017\Projects\DataCards\DataCards\dist\out-tsc\e2e\app.e2e-spec.js.map
C:\Users\josh-\Development\Visual Studio 2017\Projects\DataCards\DataCards\dist\out-tsc\src\app\app.component.js
C:\Users\josh-\Development\Visual Studio 2017\Projects\DataCards\DataCards\dist\out-tsc\src\app\app.component.js.map
C:\Users\josh-\Development\Visual Studio 2017\Projects\DataCards\DataCards\dist\out-tsc\src\app\data.service\data.service.js
C:\Users\josh-\Development\Visual Studio 2017\Projects\DataCards\DataCards\dist\out-tsc\src\app\data.service\data.service.js.map
C:\Users\josh-\Development\Visual Studio 2017\Projects\DataCards\DataCards\dist\out-tsc\src\app\models\person.js
C:\Users\josh-\Development\Visual Studio 2017\Projects\DataCards\DataCards\dist\out-tsc\src\app\models\person.js.map
C:\Users\josh-\Development\Visual Studio 2017\Projects\DataCards\DataCards\dist\out-tsc\src\app\data-cards\data-cards.component.js
C:\Users\josh-\Development\Visual Studio 2017\Projects\DataCards\DataCards\dist\out-tsc\src\app\data-cards\data-cards.component.js.map
C:\Users\josh-\Development\Visual Studio 2017\Projects\DataCards\DataCards\dist\out-tsc\src\app\app.module.js
C:\Users\josh-\Development\Visual Studio 2017\Projects\DataCards\DataCards\dist\out-tsc\src\app\app.module.js.map
C:\Users\josh-\Development\Visual Studio 2017\Projects\DataCards\DataCards\dist\out-tsc\src\environments\environment.js
C:\Users\josh-\Development\Visual Studio 2017\Projects\DataCards\DataCards\dist\out-tsc\src\environments\environment.js.map
C:\Users\josh-\Development\Visual Studio 2017\Projects\DataCards\DataCards\dist\out-tsc\src\main.js
C:\Users\josh-\Development\Visual Studio 2017\Projects\DataCards\DataCards\dist\out-tsc\src\main.js.map
C:\Users\josh-\Development\Visual Studio 2017\Projects\DataCards\DataCards\dist\out-tsc\src\polyfills.js
C:\Users\josh-\Development\Visual Studio 2017\Projects\DataCards\DataCards\dist\out-tsc\src\polyfills.js.map
C:\Users\josh-\Development\Visual Studio 2017\Projects\DataCards\DataCards\dist\out-tsc\src\test.js
C:\Users\josh-\Development\Visual Studio 2017\Projects\DataCards\DataCards\dist\out-tsc\src\test.js.map
C:\Users\josh-\Development\Visual Studio 2017\Projects\DataCards\DataCards\dist\out-tsc\src\environments\environment.prod.js
C:\Users\josh-\Development\Visual Studio 2017\Projects\DataCards\DataCards\dist\out-tsc\src\environments\environment.prod.js.map
C:\Users\josh-\Development\Visual Studio 2017\Projects\DataCards\DataCards\dist\out-tsc\src\app\app.component.spec.js
C:\Users\josh-\Development\Visual Studio 2017\Projects\DataCards\DataCards\dist\out-tsc\src\app\app.component.spec.js.map
C:\Users\josh-\Development\Visual Studio 2017\Projects\DataCards\DataCards\dist\out-tsc\src\app\data.service\data.service.spec.js
C:\Users\josh-\Development\Visual Studio 2017\Projects\DataCards\DataCards\dist\out-tsc\src\app\data.service\data.service.spec.js.map
C:\Users\josh-\Development\Visual Studio 2017\Projects\DataCards\DataCards\dist\out-tsc\src\app\data-cards\data-cards.component.spec.js
C:\Users\josh-\Development\Visual Studio 2017\Projects\DataCards\DataCards\dist\out-tsc\src\app\data-cards\data-cards.component.spec.js.map
C:\Users\josh-\Development\Visual Studio 2017\Projects\DataCards\DataCards\dist\out-tsc\e2e\app.po.js
C:\Users\josh-\Development\Visual Studio 2017\Projects\DataCards\DataCards\dist\out-tsc\e2e\app.po.js.map
C:\Users\josh-\Development\Visual Studio 2017\Projects\DataCards\DataCards\dist\out-tsc\e2e\app.e2e-spec.js
C:\Users\josh-\Development\Visual Studio 2017\Projects\DataCards\DataCards\dist\out-tsc\e2e\app.e2e-spec.js.map
C:\Users\josh-\Development\Visual Studio 2017\Projects\DataCards\DataCards\dist\out-tsc\src\app\app.component.js
C:\Users\josh-\Development\Visual Studio 2017\Projects\DataCards\DataCards\dist\out-tsc\src\app\app.component.js.map
C:\Users\josh-\Development\Visual Studio 2017\Projects\DataCards\DataCards\dist\out-tsc\src\app\data.service\data.service.js
C:\Users\josh-\Development\Visual Studio 2017\Projects\DataCards\DataCards\dist\out-tsc\src\app\data.service\data.service.js.map
C:\Users\josh-\Development\Visual Studio 2017\Projects\DataCards\DataCards\dist\out-tsc\src\app\models\person.js
C:\Users\josh-\Development\Visual Studio 2017\Projects\DataCards\DataCards\dist\out-tsc\src\app\models\person.js.map
C:\Users\josh-\Development\Visual Studio 2017\Projects\DataCards\DataCards\dist\out-tsc\src\app\data-cards\data-cards.component.js
C:\Users\josh-\Development\Visual Studio 2017\Projects\DataCards\DataCards\dist\out-tsc\src\app\data-cards\data-cards.component.js.map
C:\Users\josh-\Development\Visual Studio 2017\Projects\DataCards\DataCards\dist\out-tsc\src\app\app.module.js
C:\Users\josh-\Development\Visual Studio 2017\Projects\DataCards\DataCards\dist\out-tsc\src\app\app.module.js.map
C:\Users\josh-\Development\Visual Studio 2017\Projects\DataCards\DataCards\dist\out-tsc\src\environments\environment.js
C:\Users\josh-\Development\Visual Studio 2017\Projects\DataCards\DataCards\dist\out-tsc\src\environments\environment.js.map
C:\Users\josh-\Development\Visual Studio 2017\Projects\DataCards\DataCards\dist\out-tsc\src\main.js
C:\Users\josh-\Development\Visual Studio 2017\Projects\DataCards\DataCards\dist\out-tsc\src\main.js.map
C:\Users\josh-\Development\Visual Studio 2017\Projects\DataCards\DataCards\dist\out-tsc\src\polyfills.js
C:\Users\josh-\Development\Visual Studio 2017\Projects\DataCards\DataCards\dist\out-tsc\src\polyfills.js.map
C:\Users\josh-\Development\Visual Studio 2017\Projects\DataCards\DataCards\dist\out-tsc\src\test.js
C:\Users\josh-\Development\Visual Studio 2017\Projects\DataCards\DataCards\dist\out-tsc\src\test.js.map
C:\Users\josh-\Development\Visual Studio 2017\Projects\DataCards\DataCards\dist\out-tsc\src\environments\environment.prod.js
C:\Users\josh-\Development\Visual Studio 2017\Projects\DataCards\DataCards\dist\out-tsc\src\environments\environment.prod.js.map
C:\Users\josh-\Development\Visual Studio 2017\Projects\DataCards\DataCards\dist\out-tsc\src\app\app.component.spec.js
C:\Users\josh-\Development\Visual Studio 2017\Projects\DataCards\DataCards\dist\out-tsc\src\app\app.component.spec.js.map
C:\Users\josh-\Development\Visual Studio 2017\Projects\DataCards\DataCards\dist\out-tsc\src\app\data.service\data.service.spec.js
C:\Users\josh-\Development\Visual Studio 2017\Projects\DataCards\DataCards\dist\out-tsc\src\app\data.service\data.service.spec.js.map
C:\Users\josh-\Development\Visual Studio 2017\Projects\DataCards\DataCards\dist\out-tsc\src\app\data-cards\data-cards.component.spec.js
C:\Users\josh-\Development\Visual Studio 2017\Projects\DataCards\DataCards\dist\out-tsc\src\app\data-cards\data-cards.component.spec.js.map
C:\Users\josh-\Development\Visual Studio 2017\Projects\DataCards\DataCards\dist\out-tsc\e2e\app.po.js
C:\Users\josh-\Development\Visual Studio 2017\Projects\DataCards\DataCards\dist\out-tsc\e2e\app.po.js.map
C:\Users\josh-\Development\Visual Studio 2017\Projects\DataCards\DataCards\dist\out-tsc\e2e\app.e2e-spec.js
C:\Users\josh-\Development\Visual Studio 2017\Projects\DataCards\DataCards\dist\out-tsc\e2e\app.e2e-spec.js.map
C:\Users\josh-\Development\Visual Studio 2017\Projects\DataCards\DataCards\dist\out-tsc\src\app\app.component.js
C:\Users\josh-\Development\Visual Studio 2017\Projects\DataCards\DataCards\dist\out-tsc\src\app\app.component.js.map
C:\Users\josh-\Development\Visual Studio 2017\Projects\DataCards\DataCards\dist\out-tsc\src\app\data.service\data.service.js
C:\Users\josh-\Development\Visual Studio 2017\Projects\DataCards\DataCards\dist\out-tsc\src\app\data.service\data.service.js.map
C:\Users\josh-\Development\Visual Studio 2017\Projects\DataCards\DataCards\dist\out-tsc\src\app\models\person.js
C:\Users\josh-\Development\Visual Studio 2017\Projects\DataCards\DataCards\dist\out-tsc\src\app\models\person.js.map
C:\Users\josh-\Development\Visual Studio 2017\Projects\DataCards\DataCards\dist\out-tsc\src\app\data-cards\data-cards.component.js
C:\Users\josh-\Development\Visual Studio 2017\Projects\DataCards\DataCards\dist\out-tsc\src\app\data-cards\data-cards.component.js.map
C:\Users\josh-\Development\Visual Studio 2017\Projects\DataCards\DataCards\dist\out-tsc\src\app\app.module.js
C:\Users\josh-\Development\Visual Studio 2017\Projects\DataCards\DataCards\dist\out-tsc\src\app\app.module.js.map
C:\Users\josh-\Development\Visual Studio 2017\Projects\DataCards\DataCards\dist\out-tsc\src\environments\environment.js
C:\Users\josh-\Development\Visual Studio 2017\Projects\DataCards\DataCards\dist\out-tsc\src\environments\environment.js.map
C:\Users\josh-\Development\Visual Studio 2017\Projects\DataCards\DataCards\dist\out-tsc\src\main.js
C:\Users\josh-\Development\Visual Studio 2017\Projects\DataCards\DataCards\dist\out-tsc\src\main.js.map
C:\Users\josh-\Development\Visual Studio 2017\Projects\DataCards\DataCards\dist\out-tsc\src\polyfills.js
C:\Users\josh-\Development\Visual Studio 2017\Projects\DataCards\DataCards\dist\out-tsc\src\polyfills.js.map
C:\Users\josh-\Development\Visual Studio 2017\Projects\DataCards\DataCards\dist\out-tsc\src\test.js
C:\Users\josh-\Development\Visual Studio 2017\Projects\DataCards\DataCards\dist\out-tsc\src\test.js.map
C:\Users\josh-\Development\Visual Studio 2017\Projects\DataCards\DataCards\dist\out-tsc\src\environments\environment.prod.js
C:\Users\josh-\Development\Visual Studio 2017\Projects\DataCards\DataCards\dist\out-tsc\src\environments\environment.prod.js.map
C:\Users\josh-\Development\Visual Studio 2017\Projects\DataCards\DataCards\dist\out-tsc\src\app\app.component.spec.js
C:\Users\josh-\Development\Visual Studio 2017\Projects\DataCards\DataCards\dist\out-tsc\src\app\app.component.spec.js.map
C:\Users\josh-\Development\Visual Studio 2017\Projects\DataCards\DataCards\dist\out-tsc\src\app\data.service\data.service.spec.js
C:\Users\josh-\Development\Visual Studio 2017\Projects\DataCards\DataCards\dist\out-tsc\src\app\data.service\data.service.spec.js.map
C:\Users\josh-\Development\Visual Studio 2017\Projects\DataCards\DataCards\dist\out-tsc\src\app\data-cards\data-cards.component.spec.js
C:\Users\josh-\Development\Visual Studio 2017\Projects\DataCards\DataCards\dist\out-tsc\src\app\data-cards\data-cards.component.spec.js.map
C:\Users\josh-\Development\Visual Studio 2017\Projects\DataCards\DataCards\dist\out-tsc\e2e\app.po.js
C:\Users\josh-\Development\Visual Studio 2017\Projects\DataCards\DataCards\dist\out-tsc\e2e\app.po.js.map
C:\Users\josh-\Development\Visual Studio 2017\Projects\DataCards\DataCards\dist\out-tsc\e2e\app.e2e-spec.js
C:\Users\josh-\Development\Visual Studio 2017\Projects\DataCards\DataCards\dist\out-tsc\e2e\app.e2e-spec.js.map
C:\Users\josh-\Development\Visual Studio 2017\Projects\DataCards\DataCards\dist\out-tsc\src\app\app.component.js
C:\Users\josh-\Development\Visual Studio 2017\Projects\DataCards\DataCards\dist\out-tsc\src\app\app.component.js.map
C:\Users\josh-\Development\Visual Studio 2017\Projects\DataCards\DataCards\dist\out-tsc\src\app\data.service\data.service.js
C:\Users\josh-\Development\Visual Studio 2017\Projects\DataCards\DataCards\dist\out-tsc\src\app\data.service\data.service.js.map
C:\Users\josh-\Development\Visual Studio 2017\Projects\DataCards\DataCards\dist\out-tsc\src\app\models\person.js
C:\Users\josh-\Development\Visual Studio 2017\Projects\DataCards\DataCards\dist\out-tsc\src\app\models\person.js.map
C:\Users\josh-\Development\Visual Studio 2017\Projects\DataCards\DataCards\dist\out-tsc\src\app\data-cards\data-cards.component.js
C:\Users\josh-\Development\Visual Studio 2017\Projects\DataCards\DataCards\dist\out-tsc\src\app\data-cards\data-cards.component.js.map
C:\Users\josh-\Development\Visual Studio 2017\Projects\DataCards\DataCards\dist\out-tsc\src\app\app.module.js
C:\Users\josh-\Development\Visual Studio 2017\Projects\DataCards\DataCards\dist\out-tsc\src\app\app.module.js.map
C:\Users\josh-\Development\Visual Studio 2017\Projects\DataCards\DataCards\dist\out-tsc\src\environments\environment.js
C:\Users\josh-\Development\Visual Studio 2017\Projects\DataCards\DataCards\dist\out-tsc\src\environments\environment.js.map
C:\Users\josh-\Development\Visual Studio 2017\Projects\DataCards\DataCards\dist\out-tsc\src\main.js
C:\Users\josh-\Development\Visual Studio 2017\Projects\DataCards\DataCards\dist\out-tsc\src\main.js.map
C:\Users\josh-\Development\Visual Studio 2017\Projects\DataCards\DataCards\dist\out-tsc\src\polyfills.js
C:\Users\josh-\Development\Visual Studio 2017\Projects\DataCards\DataCards\dist\out-tsc\src\polyfills.js.map
C:\Users\josh-\Development\Visual Studio 2017\Projects\DataCards\DataCards\dist\out-tsc\src\test.js
C:\Users\josh-\Development\Visual Studio 2017\Projects\DataCards\DataCards\dist\out-tsc\src\test.js.map
C:\Users\josh-\Development\Visual Studio 2017\Projects\DataCards\DataCards\dist\out-tsc\src\environments\environment.prod.js
C:\Users\josh-\Development\Visual Studio 2017\Projects\DataCards\DataCards\dist\out-tsc\src\environments\environment.prod.js.map
C:\Users\josh-\Development\Visual Studio 2017\Projects\DataCards\DataCards\dist\out-tsc\src\app\app.component.spec.js
C:\Users\josh-\Development\Visual Studio 2017\Projects\DataCards\DataCards\dist\out-tsc\src\app\app.component.spec.js.map
C:\Users\josh-\Development\Visual Studio 2017\Projects\DataCards\DataCards\dist\out-tsc\src\app\data.service\data.service.spec.js
C:\Users\josh-\Development\Visual Studio 2017\Projects\DataCards\DataCards\dist\out-tsc\src\app\data.service\data.service.spec.js.map
C:\Users\josh-\Development\Visual Studio 2017\Projects\DataCards\DataCards\dist\out-tsc\src\app\data-cards\data-cards.component.spec.js
C:\Users\josh-\Development\Visual Studio 2017\Projects\DataCards\DataCards\dist\out-tsc\src\app\data-cards\data-cards.component.spec.js.map
C:\Users\josh-\Development\Visual Studio 2017\Projects\DataCards\DataCards\dist\out-tsc\e2e\app.po.js
C:\Users\josh-\Development\Visual Studio 2017\Projects\DataCards\DataCards\dist\out-tsc\e2e\app.po.js.map
C:\Users\josh-\Development\Visual Studio 2017\Projects\DataCards\DataCards\dist\out-tsc\e2e\app.e2e-spec.js
C:\Users\josh-\Development\Visual Studio 2017\Projects\DataCards\DataCards\dist\out-tsc\e2e\app.e2e-spec.js.map
C:\Users\josh-\Development\Visual Studio 2017\Projects\DataCards\DataCards\dist\out-tsc\src\app\app.component.js
C:\Users\josh-\Development\Visual Studio 2017\Projects\DataCards\DataCards\dist\out-tsc\src\app\app.component.js.map
C:\Users\josh-\Development\Visual Studio 2017\Projects\DataCards\DataCards\dist\out-tsc\src\app\data.service\data.service.js
C:\Users\josh-\Development\Visual Studio 2017\Projects\DataCards\DataCards\dist\out-tsc\src\app\data.service\data.service.js.map
C:\Users\josh-\Development\Visual Studio 2017\Projects\DataCards\DataCards\dist\out-tsc\src\app\models\person.js
C:\Users\josh-\Development\Visual Studio 2017\Projects\DataCards\DataCards\dist\out-tsc\src\app\models\person.js.map
C:\Users\josh-\Development\Visual Studio 2017\Projects\DataCards\DataCards\dist\out-tsc\src\app\data-cards\data-cards.component.js
C:\Users\josh-\Development\Visual Studio 2017\Projects\DataCards\DataCards\dist\out-tsc\src\app\data-cards\data-cards.component.js.map
C:\Users\josh-\Development\Visual Studio 2017\Projects\DataCards\DataCards\dist\out-tsc\src\app\app.module.js
C:\Users\josh-\Development\Visual Studio 2017\Projects\DataCards\DataCards\dist\out-tsc\src\app\app.module.js.map
C:\Users\josh-\Development\Visual Studio 2017\Projects\DataCards\DataCards\dist\out-tsc\src\environments\environment.js
C:\Users\josh-\Development\Visual Studio 2017\Projects\DataCards\DataCards\dist\out-tsc\src\environments\environment.js.map
C:\Users\josh-\Development\Visual Studio 2017\Projects\DataCards\DataCards\dist\out-tsc\src\main.js
C:\Users\josh-\Development\Visual Studio 2017\Projects\DataCards\DataCards\dist\out-tsc\src\main.js.map
C:\Users\josh-\Development\Visual Studio 2017\Projects\DataCards\DataCards\dist\out-tsc\src\polyfills.js
C:\Users\josh-\Development\Visual Studio 2017\Projects\DataCards\DataCards\dist\out-tsc\src\polyfills.js.map
C:\Users\josh-\Development\Visual Studio 2017\Projects\DataCards\DataCards\dist\out-tsc\src\test.js
C:\Users\josh-\Development\Visual Studio 2017\Projects\DataCards\DataCards\dist\out-tsc\src\test.js.map
C:\Users\josh-\Development\Visual Studio 2017\Projects\DataCards\DataCards\dist\out-tsc\src\environments\environment.prod.js
C:\Users\josh-\Development\Visual Studio 2017\Projects\DataCards\DataCards\dist\out-tsc\src\environments\environment.prod.js.map
C:\Users\josh-\Development\Visual Studio 2017\Projects\DataCards\DataCards\dist\out-tsc\src\app\app.component.spec.js
C:\Users\josh-\Development\Visual Studio 2017\Projects\DataCards\DataCards\dist\out-tsc\src\app\app.component.spec.js.map
C:\Users\josh-\Development\Visual Studio 2017\Projects\DataCards\DataCards\dist\out-tsc\src\app\data.service\data.service.spec.js
C:\Users\josh-\Development\Visual Studio 2017\Projects\DataCards\DataCards\dist\out-tsc\src\app\data.service\data.service.spec.js.map
C:\Users\josh-\Development\Visual Studio 2017\Projects\DataCards\DataCards\dist\out-tsc\src\app\data-cards\data-cards.component.spec.js
C:\Users\josh-\Development\Visual Studio 2017\Projects\DataCards\DataCards\dist\out-tsc\src\app\data-cards\data-cards.component.spec.js.map
C:\Users\josh-\Development\Visual Studio 2017\Projects\DataCards\DataCards\dist\out-tsc\e2e\app.po.js
C:\Users\josh-\Development\Visual Studio 2017\Projects\DataCards\DataCards\dist\out-tsc\e2e\app.po.js.map
C:\Users\josh-\Development\Visual Studio 2017\Projects\DataCards\DataCards\dist\out-tsc\e2e\app.e2e-spec.js
C:\Users\josh-\Development\Visual Studio 2017\Projects\DataCards\DataCards\dist\out-tsc\e2e\app.e2e-spec.js.map
C:\Users\josh-\Development\Visual Studio 2017\Projects\DataCards\DataCards\dist\out-tsc\src\app\app.component.js
C:\Users\josh-\Development\Visual Studio 2017\Projects\DataCards\DataCards\dist\out-tsc\src\app\app.component.js.map
C:\Users\josh-\Development\Visual Studio 2017\Projects\DataCards\DataCards\dist\out-tsc\src\app\data.service\data.service.js
C:\Users\josh-\Development\Visual Studio 2017\Projects\DataCards\DataCards\dist\out-tsc\src\app\data.service\data.service.js.map
C:\Users\josh-\Development\Visual Studio 2017\Projects\DataCards\DataCards\dist\out-tsc\src\app\models\person.js
C:\Users\josh-\Development\Visual Studio 2017\Projects\DataCards\DataCards\dist\out-tsc\src\app\models\person.js.map
C:\Users\josh-\Development\Visual Studio 2017\Projects\DataCards\DataCards\dist\out-tsc\src\app\data-cards\data-cards.component.js
C:\Users\josh-\Development\Visual Studio 2017\Projects\DataCards\DataCards\dist\out-tsc\src\app\data-cards\data-cards.component.js.map
C:\Users\josh-\Development\Visual Studio 2017\Projects\DataCards\DataCards\dist\out-tsc\src\app\app.module.js
C:\Users\josh-\Development\Visual Studio 2017\Projects\DataCards\DataCards\dist\out-tsc\src\app\app.module.js.map
C:\Users\josh-\Development\Visual Studio 2017\Projects\DataCards\DataCards\dist\out-tsc\src\environments\environment.js
C:\Users\josh-\Development\Visual Studio 2017\Projects\DataCards\DataCards\dist\out-tsc\src\environments\environment.js.map
C:\Users\josh-\Development\Visual Studio 2017\Projects\DataCards\DataCards\dist\out-tsc\src\main.js
C:\Users\josh-\Development\Visual Studio 2017\Projects\DataCards\DataCards\dist\out-tsc\src\main.js.map
C:\Users\josh-\Development\Visual Studio 2017\Projects\DataCards\DataCards\dist\out-tsc\src\polyfills.js
C:\Users\josh-\Development\Visual Studio 2017\Projects\DataCards\DataCards\dist\out-tsc\src\polyfills.js.map
C:\Users\josh-\Development\Visual Studio 2017\Projects\DataCards\DataCards\dist\out-tsc\src\test.js
C:\Users\josh-\Development\Visual Studio 2017\Projects\DataCards\DataCards\dist\out-tsc\src\test.js.map
C:\Users\josh-\Development\Visual Studio 2017\Projects\DataCards\DataCards\dist\out-tsc\src\environments\environment.prod.js
C:\Users\josh-\Development\Visual Studio 2017\Projects\DataCards\DataCards\dist\out-tsc\src\environments\environment.prod.js.map
C:\Users\josh-\Development\Visual Studio 2017\Projects\DataCards\DataCards\dist\out-tsc\src\app\app.component.spec.js
C:\Users\josh-\Development\Visual Studio 2017\Projects\DataCards\DataCards\dist\out-tsc\src\app\app.component.spec.js.map
C:\Users\josh-\Development\Visual Studio 2017\Projects\DataCards\DataCards\dist\out-tsc\src\app\data.service\data.service.spec.js
C:\Users\josh-\Development\Visual Studio 2017\Projects\DataCards\DataCards\dist\out-tsc\src\app\data.service\data.service.spec.js.map
C:\Users\josh-\Development\Visual Studio 2017\Projects\DataCards\DataCards\dist\out-tsc\src\app\data-cards\data-cards.component.spec.js
C:\Users\josh-\Development\Visual Studio 2017\Projects\DataCards\DataCards\dist\out-tsc\src\app\data-cards\data-cards.component.spec.js.map
C:\Users\josh-\Development\Visual Studio 2017\Projects\DataCards\DataCards\dist\out-tsc\e2e\app.po.js
C:\Users\josh-\Development\Visual Studio 2017\Projects\DataCards\DataCards\dist\out-tsc\e2e\app.po.js.map
C:\Users\josh-\Development\Visual Studio 2017\Projects\DataCards\DataCards\dist\out-tsc\e2e\app.e2e-spec.js
C:\Users\josh-\Development\Visual Studio 2017\Projects\DataCards\DataCards\dist\out-tsc\e2e\app.e2e-spec.js.map
